TN:
SF:src\interop.ts
FN:1,getDom
FN:13,getDomInfo
FN:38,getDomInfoObj
FN:60,getElementPos
FN:81,addFileClickEventListener
FN:87,removeFileClickEventListener
FN:91,fileClickEvent
FN:97,clearFile
FN:103,getFileInfo
FN:121,getObjectURL
FN:131,uploadFile
FN:142,(anonymous_11)
FN:151,(anonymous_12)
FN:155,(anonymous_13)
FN:167,triggerEvent
FN:174,getBoundingClientRect
FN:182,getFirstChildBoundingClientRect
FN:203,addDomEventListener
FN:204,(anonymous_18)
FN:211,(anonymous_19)
FN:223,(anonymous_20)
FN:231,(anonymous_21)
FN:238,matchMedia
FN:242,fallbackCopyTextToClipboard
FN:265,copy
FN:270,(anonymous_25)
FN:272,(anonymous_26)
FN:277,focus
FN:286,hasFocus
FN:291,blur
FN:296,log
FN:300,backTop
FN:309,slideTo
FN:310,(anonymous_33)
FN:322,scrollTo
FN:333,scrollToElement
FN:339,scrollToPosition
FN:344,getFirstChildDomInfo
FN:351,addClsToFirstChild
FN:358,removeClsFromFirstChild
FN:365,addDomEventListenerToFirstChild
FN:373,getAbsoluteTop
FN:381,getAbsoluteLeft
FN:389,addElementToBody
FN:393,delElementFromBody
FN:397,addElementTo
FN:404,delElementFrom
FN:411,getActiveElement
FN:417,focusDialog
FN:420,(anonymous_49)
FN:432,getWindow
FN:441,debounce
FN:443,(anonymous_52)
FN:445,(anonymous_53)
FN:456,css
FN:468,addCls
FN:478,removeCls
FN:488,elementScrollIntoView
FN:499,(anonymous_58)
FN:505,disableBodyScroll
FN:508,(anonymous_60)
FN:521,enableBodyScroll
FN:533,destroyAllDialog
FN:535,(anonymous_63)
FN:538,createIconFromfontCN
FN:548,getScroll
FN:552,getInnerText
FN:557,getMaxZIndex
FN:558,(anonymous_68)
FN:561,getStyle
FN:568,getTextAreaInfo
FN:597,registerResizeTextArea
FN:603,(anonymous_72)
FN:609,disposeResizeTextArea
FN:616,resizeTextArea
FN:648,disposeObj
FN:656,getCursorXY
FN:665,mentionsOnWindowClick
FN:676,(anonymous_78)
FN:676,(anonymous_79)
FN:676,(anonymous_80)
FN:678,bindTableHeaderAndBodyScroll
FN:679,(anonymous_82)
FN:685,unbindTableHeaderAndBodyScroll
FN:691,preventKeys
FN:698,addPreventKeys
FN:701,(anonymous_86)
FN:702,(anonymous_87)
FN:707,removePreventKeys
FN:715,preventKeyOnCondition
FN:722,addPreventEnterOnOverlayVisible
FN:725,(anonymous_91)
FN:725,(anonymous_92)
FN:730,removePreventEnterOnOverlayVisible
FN:738,insertAdjacentHTML
FN:742,getImageDimensions
FN:743,(anonymous_96)
FN:746,(anonymous_97)
FN:753,(anonymous_98)
FN:763,preventDefaultOnArrowUpDown
FN:765,(anonymous_100)
FN:772,observer
FN:773,(anonymous_102)
FN:784,getBoundingClientRects
FN:801,getSize
FNF:105
FNH:2
FNDA:4,getDom
FNDA:0,getDomInfo
FNDA:0,getDomInfoObj
FNDA:0,getElementPos
FNDA:0,addFileClickEventListener
FNDA:0,removeFileClickEventListener
FNDA:0,fileClickEvent
FNDA:0,clearFile
FNDA:0,getFileInfo
FNDA:0,getObjectURL
FNDA:0,uploadFile
FNDA:0,(anonymous_11)
FNDA:0,(anonymous_12)
FNDA:0,(anonymous_13)
FNDA:0,triggerEvent
FNDA:0,getBoundingClientRect
FNDA:0,getFirstChildBoundingClientRect
FNDA:0,addDomEventListener
FNDA:0,(anonymous_18)
FNDA:0,(anonymous_19)
FNDA:0,(anonymous_20)
FNDA:0,(anonymous_21)
FNDA:0,matchMedia
FNDA:0,fallbackCopyTextToClipboard
FNDA:0,copy
FNDA:0,(anonymous_25)
FNDA:0,(anonymous_26)
FNDA:0,focus
FNDA:0,hasFocus
FNDA:0,blur
FNDA:1,log
FNDA:0,backTop
FNDA:0,slideTo
FNDA:0,(anonymous_33)
FNDA:0,scrollTo
FNDA:0,scrollToElement
FNDA:0,scrollToPosition
FNDA:0,getFirstChildDomInfo
FNDA:0,addClsToFirstChild
FNDA:0,removeClsFromFirstChild
FNDA:0,addDomEventListenerToFirstChild
FNDA:0,getAbsoluteTop
FNDA:0,getAbsoluteLeft
FNDA:0,addElementToBody
FNDA:0,delElementFromBody
FNDA:0,addElementTo
FNDA:0,delElementFrom
FNDA:0,getActiveElement
FNDA:0,focusDialog
FNDA:0,(anonymous_49)
FNDA:0,getWindow
FNDA:0,debounce
FNDA:0,(anonymous_52)
FNDA:0,(anonymous_53)
FNDA:0,css
FNDA:0,addCls
FNDA:0,removeCls
FNDA:0,elementScrollIntoView
FNDA:0,(anonymous_58)
FNDA:0,disableBodyScroll
FNDA:0,(anonymous_60)
FNDA:0,enableBodyScroll
FNDA:0,destroyAllDialog
FNDA:0,(anonymous_63)
FNDA:0,createIconFromfontCN
FNDA:0,getScroll
FNDA:0,getInnerText
FNDA:0,getMaxZIndex
FNDA:0,(anonymous_68)
FNDA:0,getStyle
FNDA:0,getTextAreaInfo
FNDA:0,registerResizeTextArea
FNDA:0,(anonymous_72)
FNDA:0,disposeResizeTextArea
FNDA:0,resizeTextArea
FNDA:0,disposeObj
FNDA:0,getCursorXY
FNDA:0,mentionsOnWindowClick
FNDA:0,(anonymous_78)
FNDA:0,(anonymous_79)
FNDA:0,(anonymous_80)
FNDA:0,bindTableHeaderAndBodyScroll
FNDA:0,(anonymous_82)
FNDA:0,unbindTableHeaderAndBodyScroll
FNDA:0,preventKeys
FNDA:0,addPreventKeys
FNDA:0,(anonymous_86)
FNDA:0,(anonymous_87)
FNDA:0,removePreventKeys
FNDA:0,preventKeyOnCondition
FNDA:0,addPreventEnterOnOverlayVisible
FNDA:0,(anonymous_91)
FNDA:0,(anonymous_92)
FNDA:0,removePreventEnterOnOverlayVisible
FNDA:0,insertAdjacentHTML
FNDA:0,getImageDimensions
FNDA:0,(anonymous_96)
FNDA:0,(anonymous_97)
FNDA:0,(anonymous_98)
FNDA:0,preventDefaultOnArrowUpDown
FNDA:0,(anonymous_100)
FNDA:0,observer
FNDA:0,(anonymous_102)
FNDA:0,getBoundingClientRects
FNDA:0,getSize
DA:1,1
DA:2,4
DA:3,1
DA:4,3
DA:5,3
DA:6,1
DA:8,2
DA:10,3
DA:13,1
DA:14,0
DA:16,0
DA:18,0
DA:21,0
DA:22,0
DA:23,0
DA:24,0
DA:26,0
DA:28,0
DA:31,0
DA:32,0
DA:35,0
DA:39,0
DA:40,0
DA:41,0
DA:42,0
DA:43,0
DA:44,0
DA:45,0
DA:46,0
DA:47,0
DA:48,0
DA:49,0
DA:50,0
DA:51,0
DA:52,0
DA:53,0
DA:54,0
DA:55,0
DA:56,0
DA:57,0
DA:61,0
DA:62,0
DA:63,0
DA:64,0
DA:65,0
DA:66,0
DA:67,0
DA:68,0
DA:70,0
DA:71,0
DA:72,0
DA:73,0
DA:74,0
DA:75,0
DA:78,0
DA:81,1
DA:82,0
DA:83,0
DA:87,1
DA:88,0
DA:91,1
DA:92,0
DA:93,0
DA:94,0
DA:97,1
DA:98,0
DA:99,0
DA:100,0
DA:103,1
DA:104,0
DA:105,0
DA:106,0
DA:107,0
DA:108,0
DA:109,0
DA:117,0
DA:121,1
DA:122,0
DA:123,0
DA:124,0
DA:125,0
DA:126,0
DA:128,0
DA:131,1
DA:132,0
DA:133,0
DA:134,0
DA:135,0
DA:136,0
DA:137,0
DA:138,0
DA:141,0
DA:142,0
DA:143,0
DA:144,0
DA:145,0
DA:146,0
DA:148,0
DA:151,0
DA:152,0
DA:153,0
DA:155,0
DA:156,0
DA:158,0
DA:159,0
DA:160,0
DA:161,0
DA:164,0
DA:167,1
DA:168,0
DA:169,0
DA:170,0
DA:171,0
DA:174,1
DA:175,0
DA:176,0
DA:177,0
DA:179,0
DA:182,1
DA:183,0
DA:184,0
DA:185,0
DA:188,0
DA:189,0
DA:190,0
DA:191,0
DA:192,0
DA:193,0
DA:194,0
DA:197,0
DA:200,0
DA:203,1
DA:204,0
DA:205,0
DA:206,0
DA:207,0
DA:208,0
DA:211,0
DA:212,0
DA:213,0
DA:214,0
DA:216,0
DA:217,0
DA:218,0
DA:221,0
DA:222,0
DA:223,0
DA:225,0
DA:228,0
DA:229,0
DA:230,0
DA:231,0
DA:233,0
DA:238,1
DA:239,0
DA:243,0
DA:244,0
DA:247,0
DA:248,0
DA:249,0
DA:251,0
DA:252,0
DA:253,0
DA:255,0
DA:256,0
DA:257,0
DA:258,0
DA:260,0
DA:263,0
DA:265,1
DA:266,0
DA:267,0
DA:268,0
DA:270,0
DA:271,0
DA:273,0
DA:277,1
DA:278,0
DA:279,0
DA:280,0
DA:281,0
DA:286,1
DA:287,0
DA:288,0
DA:291,1
DA:292,0
DA:293,0
DA:296,1
DA:297,1
DA:300,1
DA:301,0
DA:302,0
DA:303,0
DA:305,0
DA:310,0
DA:311,0
DA:312,0
DA:313,0
DA:314,0
DA:315,0
DA:317,0
DA:322,1
DA:323,0
DA:324,0
DA:325,0
DA:333,1
DA:334,0
DA:335,0
DA:336,0
DA:339,1
DA:340,0
DA:341,0
DA:344,1
DA:345,0
DA:346,0
DA:347,0
DA:348,0
DA:351,1
DA:352,0
DA:353,0
DA:354,0
DA:358,1
DA:359,0
DA:360,0
DA:361,0
DA:365,1
DA:366,0
DA:368,0
DA:369,0
DA:373,1
DA:374,0
DA:375,0
DA:376,0
DA:378,0
DA:381,1
DA:382,0
DA:383,0
DA:384,0
DA:386,0
DA:389,1
DA:390,0
DA:393,1
DA:394,0
DA:397,1
DA:398,0
DA:399,0
DA:400,0
DA:404,1
DA:405,0
DA:406,0
DA:407,0
DA:411,1
DA:412,0
DA:413,0
DA:414,0
DA:417,1
DA:418,0
DA:419,0
DA:420,0
DA:421,0
DA:422,0
DA:423,0
DA:424,0
DA:425,0
DA:432,1
DA:433,0
DA:443,0
DA:444,0
DA:445,0
DA:446,0
DA:447,0
DA:449,0
DA:450,0
DA:451,0
DA:452,0
DA:456,1
DA:457,0
DA:458,0
DA:460,0
DA:461,0
DA:462,0
DA:468,1
DA:469,0
DA:471,0
DA:472,0
DA:474,0
DA:478,1
DA:479,0
DA:481,0
DA:482,0
DA:484,0
DA:488,1
DA:489,0
DA:491,0
DA:492,0
DA:494,0
DA:497,1
DA:499,1
DA:500,0
DA:501,0
DA:502,0
DA:505,1
DA:506,0
DA:507,0
DA:508,0
DA:509,0
DA:511,0
DA:512,0
DA:518,0
DA:521,1
DA:522,0
DA:524,0
DA:530,0
DA:533,1
DA:534,0
DA:535,0
DA:538,1
DA:539,0
DA:540,0
DA:542,0
DA:543,0
DA:544,0
DA:545,0
DA:548,1
DA:549,0
DA:552,1
DA:553,0
DA:554,0
DA:557,1
DA:558,0
DA:561,1
DA:562,0
DA:563,0
DA:564,0
DA:565,0
DA:568,1
DA:569,0
DA:570,0
DA:571,0
DA:573,0
DA:574,0
DA:575,0
DA:576,0
DA:577,0
DA:578,0
DA:580,0
DA:581,0
DA:582,0
DA:583,0
DA:584,0
DA:585,0
DA:588,0
DA:589,0
DA:590,0
DA:591,0
DA:592,0
DA:595,1
DA:597,1
DA:598,0
DA:599,0
DA:602,0
DA:603,0
DA:604,0
DA:605,0
DA:609,1
DA:610,0
DA:611,0
DA:612,0
DA:616,1
DA:617,0
DA:618,0
DA:619,0
DA:620,0
DA:621,0
DA:623,0
DA:624,0
DA:626,0
DA:627,0
DA:628,0
DA:630,0
DA:631,0
DA:632,0
DA:635,0
DA:636,0
DA:637,0
DA:639,0
DA:640,0
DA:641,0
DA:647,1
DA:648,1
DA:649,0
DA:654,1
DA:656,1
DA:657,0
DA:658,0
DA:660,0
DA:662,0
DA:666,0
DA:667,0
DA:668,0
DA:670,0
DA:676,1
DA:678,1
DA:679,0
DA:680,0
DA:682,0
DA:685,1
DA:686,0
DA:687,0
DA:692,0
DA:693,0
DA:694,0
DA:698,1
DA:699,0
DA:700,0
DA:701,0
DA:702,0
DA:703,0
DA:707,1
DA:708,0
DA:709,0
DA:710,0
DA:711,0
DA:716,0
DA:717,0
DA:718,0
DA:722,1
DA:723,0
DA:724,0
DA:725,0
DA:726,0
DA:730,1
DA:731,0
DA:732,0
DA:733,0
DA:734,0
DA:738,1
DA:739,0
DA:742,1
DA:743,0
DA:744,0
DA:745,0
DA:746,0
DA:747,0
DA:753,0
DA:754,0
DA:763,1
DA:764,0
DA:765,0
DA:766,0
DA:767,0
DA:772,1
DA:773,0
DA:774,0
DA:775,0
DA:776,0
DA:777,0
DA:779,0
DA:781,0
DA:784,1
DA:785,0
DA:787,0
DA:789,0
DA:790,0
DA:791,0
DA:795,0
DA:798,0
DA:801,1
DA:802,0
DA:803,0
DA:805,0
DA:806,0
DA:808,0
DA:810,0
DA:811,0
DA:813,0
LF:476
LH:80
BRDA:2,0,0,1
BRDA:2,0,1,3
BRDA:4,1,0,3
BRDA:4,1,1,0
BRDA:5,2,0,1
BRDA:5,2,1,2
BRDA:13,3,0,0
BRDA:18,4,0,0
BRDA:18,4,1,0
BRDA:18,5,0,0
BRDA:18,5,1,0
BRDA:40,6,0,0
BRDA:40,6,1,0
BRDA:41,7,0,0
BRDA:41,7,1,0
BRDA:42,8,0,0
BRDA:42,8,1,0
BRDA:43,9,0,0
BRDA:43,9,1,0
BRDA:44,10,0,0
BRDA:44,10,1,0
BRDA:45,11,0,0
BRDA:45,11,1,0
BRDA:46,12,0,0
BRDA:46,12,1,0
BRDA:47,13,0,0
BRDA:47,13,1,0
BRDA:48,14,0,0
BRDA:48,14,1,0
BRDA:49,15,0,0
BRDA:49,15,1,0
BRDA:51,16,0,0
BRDA:51,16,1,0
BRDA:52,17,0,0
BRDA:52,17,1,0
BRDA:53,18,0,0
BRDA:53,18,1,0
BRDA:54,19,0,0
BRDA:54,19,1,0
BRDA:55,20,0,0
BRDA:55,20,1,0
BRDA:56,21,0,0
BRDA:56,21,1,0
BRDA:63,22,0,0
BRDA:63,22,1,0
BRDA:64,23,0,0
BRDA:64,23,1,0
BRDA:82,24,0,0
BRDA:82,24,1,0
BRDA:104,25,0,0
BRDA:104,25,1,0
BRDA:104,26,0,0
BRDA:104,26,1,0
BRDA:123,27,0,0
BRDA:123,27,1,0
BRDA:125,28,0,0
BRDA:125,28,1,0
BRDA:136,29,0,0
BRDA:136,29,1,0
BRDA:143,30,0,0
BRDA:143,30,1,0
BRDA:144,31,0,0
BRDA:144,31,1,0
BRDA:159,32,0,0
BRDA:159,32,1,0
BRDA:176,33,0,0
BRDA:176,33,1,0
BRDA:176,34,0,0
BRDA:176,34,1,0
BRDA:182,35,0,0
BRDA:184,36,0,0
BRDA:184,36,1,0
BRDA:185,37,0,0
BRDA:185,37,1,0
BRDA:207,38,0,0
BRDA:207,38,1,0
BRDA:212,39,0,0
BRDA:212,39,1,0
BRDA:213,40,0,0
BRDA:213,40,1,0
BRDA:217,41,0,0
BRDA:217,41,1,0
BRDA:221,42,0,0
BRDA:221,42,1,0
BRDA:222,43,0,0
BRDA:222,43,1,0
BRDA:230,44,0,0
BRDA:230,44,1,0
BRDA:257,45,0,0
BRDA:257,45,1,0
BRDA:266,46,0,0
BRDA:266,46,1,0
BRDA:277,47,0,0
BRDA:279,48,0,0
BRDA:279,48,1,0
BRDA:302,49,0,0
BRDA:302,49,1,0
BRDA:311,50,0,0
BRDA:311,50,1,0
BRDA:312,51,0,0
BRDA:312,51,1,0
BRDA:314,52,0,0
BRDA:314,52,1,0
BRDA:317,53,0,0
BRDA:317,53,1,0
BRDA:324,54,0,0
BRDA:324,54,1,0
BRDA:344,55,0,0
BRDA:346,56,0,0
BRDA:346,56,1,0
BRDA:353,57,0,0
BRDA:353,57,1,0
BRDA:360,58,0,0
BRDA:360,58,1,0
BRDA:368,59,0,0
BRDA:368,59,1,0
BRDA:375,60,0,0
BRDA:375,60,1,0
BRDA:383,61,0,0
BRDA:383,61,1,0
BRDA:399,62,0,0
BRDA:399,62,1,0
BRDA:399,63,0,0
BRDA:399,63,1,0
BRDA:406,64,0,0
BRDA:406,64,1,0
BRDA:406,65,0,0
BRDA:406,65,1,0
BRDA:413,66,0,0
BRDA:413,66,1,0
BRDA:417,67,0,0
BRDA:419,68,0,0
BRDA:419,68,1,0
BRDA:419,69,0,0
BRDA:419,69,1,0
BRDA:423,70,0,0
BRDA:423,70,1,0
BRDA:424,71,0,0
BRDA:424,71,1,0
BRDA:447,72,0,0
BRDA:447,72,1,0
BRDA:449,73,0,0
BRDA:449,73,1,0
BRDA:452,74,0,0
BRDA:452,74,1,0
BRDA:456,75,0,0
BRDA:457,76,0,0
BRDA:457,76,1,0
BRDA:461,77,0,0
BRDA:461,77,1,0
BRDA:471,78,0,0
BRDA:471,78,1,0
BRDA:481,79,0,0
BRDA:481,79,1,0
BRDA:491,80,0,0
BRDA:491,80,1,0
BRDA:501,81,0,0
BRDA:501,81,1,0
BRDA:501,82,0,0
BRDA:501,82,1,0
BRDA:502,83,0,0
BRDA:502,83,1,0
BRDA:515,84,0,0
BRDA:515,84,1,0
BRDA:522,85,0,0
BRDA:522,85,1,0
BRDA:526,86,0,0
BRDA:526,86,1,0
BRDA:526,87,0,0
BRDA:526,87,1,0
BRDA:527,88,0,0
BRDA:527,88,1,0
BRDA:527,89,0,0
BRDA:527,89,1,0
BRDA:528,90,0,0
BRDA:528,90,1,0
BRDA:528,91,0,0
BRDA:528,91,1,0
BRDA:539,92,0,0
BRDA:539,92,1,0
BRDA:558,93,0,0
BRDA:558,93,1,0
BRDA:562,94,0,0
BRDA:562,94,1,0
BRDA:564,95,0,0
BRDA:564,95,1,0
BRDA:571,96,0,0
BRDA:571,96,1,0
BRDA:573,97,0,0
BRDA:573,97,1,0
BRDA:580,98,0,0
BRDA:580,98,1,0
BRDA:588,99,0,0
BRDA:588,99,1,0
BRDA:590,100,0,0
BRDA:590,100,1,0
BRDA:598,101,0,0
BRDA:598,101,1,0
BRDA:627,102,0,0
BRDA:627,102,1,0
BRDA:639,103,0,0
BRDA:639,103,1,0
BRDA:667,104,0,0
BRDA:667,104,1,0
BRDA:686,105,0,0
BRDA:686,105,1,0
BRDA:692,106,0,0
BRDA:692,106,1,0
BRDA:699,107,0,0
BRDA:699,107,1,0
BRDA:708,108,0,0
BRDA:708,108,1,0
BRDA:716,109,0,0
BRDA:716,109,1,0
BRDA:716,110,0,0
BRDA:716,110,1,0
BRDA:723,111,0,0
BRDA:723,111,1,0
BRDA:723,112,0,0
BRDA:723,112,1,0
BRDA:731,113,0,0
BRDA:731,113,1,0
BRDA:766,114,0,0
BRDA:766,114,1,0
BRDA:766,115,0,0
BRDA:766,115,1,0
BRDA:766,115,2,0
BRDA:808,116,0,0
BRDA:808,116,1,0
BRF:229
BRH:5
end_of_record
TN:
SF:src\modules\Caret.ts
FN:6,(anonymous_0)
FN:10,(anonymous_1)
FN:14,(anonymous_2)
FN:18,(anonymous_3)
FN:38,(anonymous_4)
FN:62,(anonymous_5)
FN:67,(anonymous_6)
FN:78,(anonymous_7)
FN:89,(anonymous_8)
FN:96,(anonymous_9)
FN:118,getOffset
FNF:11
FNH:0
FNDA:0,(anonymous_0)
FNDA:0,(anonymous_1)
FNDA:0,(anonymous_2)
FNDA:0,(anonymous_3)
FNDA:0,(anonymous_4)
FNDA:0,(anonymous_5)
FNDA:0,(anonymous_6)
FNDA:0,(anonymous_7)
FNDA:0,(anonymous_8)
FNDA:0,(anonymous_9)
FNDA:0,getOffset
DA:7,0
DA:10,0
DA:11,0
DA:14,0
DA:16,0
DA:18,0
DA:19,0
DA:20,0
DA:21,0
DA:23,0
DA:25,0
DA:26,0
DA:28,0
DA:29,0
DA:30,0
DA:31,0
DA:32,0
DA:33,0
DA:34,0
DA:35,0
DA:38,0
DA:40,0
DA:42,0
DA:44,0
DA:49,0
DA:50,0
DA:63,0
DA:64,0
DA:67,0
DA:68,0
DA:70,0
DA:72,0
DA:73,0
DA:75,0
DA:78,0
DA:79,0
DA:80,0
DA:87,0
DA:89,0
DA:90,0
DA:93,0
DA:96,0
DA:98,0
DA:99,0
DA:101,0
DA:106,0
DA:112,0
DA:113,0
DA:119,0
DA:122,1
LF:50
LH:1
BRDA:20,0,0,0
BRDA:20,0,1,0
BRDA:25,1,0,0
BRDA:25,1,1,0
BRDA:38,2,0,0
BRF:5
BRH:0
end_of_record
TN:
SF:src\modules\dragHelper.ts
FN:2,(anonymous_0)
FN:5,(anonymous_1)
FN:16,(anonymous_2)
FN:39,(anonymous_3)
FN:62,(anonymous_4)
FN:91,(anonymous_5)
FN:101,(anonymous_6)
FN:133,(anonymous_7)
FN:54,(anonymous_8)
FN:152,(anonymous_9)
FN:164,(anonymous_10)
FN:175,(anonymous_11)
FN:183,enableDraggable
FN:192,disableDraggable
FN:199,resetModalPosition
FNF:15
FNH:0
FNDA:0,(anonymous_0)
FNDA:0,(anonymous_1)
FNDA:0,(anonymous_2)
FNDA:0,(anonymous_3)
FNDA:0,(anonymous_4)
FNDA:0,(anonymous_5)
FNDA:0,(anonymous_6)
FNDA:0,(anonymous_7)
FNDA:0,(anonymous_8)
FNDA:0,(anonymous_9)
FNDA:0,(anonymous_10)
FNDA:0,(anonymous_11)
FNDA:0,enableDraggable
FNDA:0,disableDraggable
FNDA:0,resetModalPosition
DA:2,1
DA:4,0
DA:5,0
DA:6,0
DA:8,0
DA:9,0
DA:11,0
DA:12,0
DA:16,0
DA:18,0
DA:24,1
DA:26,1
DA:32,0
DA:33,0
DA:34,0
DA:35,0
DA:36,0
DA:37,0
DA:40,0
DA:41,0
DA:42,0
DA:45,0
DA:55,0
DA:56,0
DA:62,0
DA:63,0
DA:64,0
DA:65,0
DA:66,0
DA:67,0
DA:68,0
DA:70,0
DA:72,0
DA:74,0
DA:77,0
DA:78,0
DA:80,0
DA:81,0
DA:84,0
DA:87,0
DA:88,0
DA:91,0
DA:92,0
DA:94,0
DA:96,0
DA:97,0
DA:98,0
DA:101,0
DA:102,0
DA:103,0
DA:104,0
DA:105,0
DA:106,0
DA:107,0
DA:109,0
DA:110,0
DA:111,0
DA:112,0
DA:113,0
DA:115,0
DA:116,0
DA:118,0
DA:119,0
DA:121,0
DA:122,0
DA:125,0
DA:126,0
DA:127,0
DA:128,0
DA:129,0
DA:133,0
DA:134,0
DA:136,0
DA:138,0
DA:140,0
DA:141,0
DA:142,0
DA:143,0
DA:144,0
DA:147,0
DA:148,0
DA:153,0
DA:154,0
DA:156,0
DA:157,0
DA:158,0
DA:159,0
DA:160,0
DA:165,0
DA:167,0
DA:168,0
DA:169,0
DA:170,0
DA:171,0
DA:176,0
DA:177,0
DA:178,0
DA:184,0
DA:185,0
DA:186,0
DA:187,0
DA:189,0
DA:193,0
DA:194,0
DA:195,0
DA:200,0
DA:201,0
DA:202,0
DA:206,1
LF:109
LH:4
BRDA:2,0,0,0
BRDA:9,1,0,0
BRDA:9,1,1,0
BRDA:70,2,0,0
BRDA:70,2,1,0
BRDA:80,3,0,0
BRDA:80,3,1,0
BRDA:103,4,0,0
BRDA:103,4,1,0
BRDA:111,5,0,0
BRDA:111,5,1,0
BRDA:112,6,0,0
BRDA:112,6,1,0
BRDA:115,7,0,0
BRDA:115,7,1,0
BRDA:118,8,0,0
BRDA:118,8,1,0
BRDA:121,9,0,0
BRDA:121,9,1,0
BRDA:142,10,0,0
BRDA:142,10,1,0
BRDA:143,11,0,0
BRDA:143,11,1,0
BRDA:147,12,0,0
BRDA:147,12,1,0
BRDA:159,13,0,0
BRDA:159,13,1,0
BRDA:170,14,0,0
BRDA:170,14,1,0
BRDA:176,15,0,0
BRDA:176,15,1,0
BRDA:183,16,0,0
BRDA:185,17,0,0
BRDA:185,17,1,0
BRDA:194,18,0,0
BRDA:194,18,1,0
BRDA:201,19,0,0
BRDA:201,19,1,0
BRF:38
BRH:0
end_of_record
