{"D:\\Project\\MASA.Blazor\\src\\BlazorComponent\\src\\Component\\BlazorComponent.JS\\src\\interop.ts": {"path":"D:\\Project\\MASA.Blazor\\src\\BlazorComponent\\src\\Component\\BlazorComponent.JS\\src\\interop.ts","statementMap":{"0":{"start":{"line":2,"column":4},"end":{"line":9,"column":null}},"1":{"start":{"line":3,"column":8},"end":{"line":3,"column":32}},"2":{"start":{"line":4,"column":11},"end":{"line":9,"column":null}},"3":{"start":{"line":5,"column":8},"end":{"line":7,"column":null}},"4":{"start":{"line":6,"column":12},"end":{"line":6,"column":28}},"5":{"start":{"line":8,"column":8},"end":{"line":8,"column":50}},"6":{"start":{"line":10,"column":4},"end":{"line":10,"column":19}},"7":{"start":{"line":1,"column":1},"end":{"line":1,"column":17}},"8":{"start":{"line":14,"column":17},"end":{"line":14,"column":19}},"9":{"start":{"line":16,"column":14},"end":{"line":16,"column":29}},"10":{"start":{"line":18,"column":4},"end":{"line":33,"column":null}},"11":{"start":{"line":21,"column":21},"end":{"line":21,"column":40}},"12":{"start":{"line":22,"column":8},"end":{"line":22,"column":49}},"13":{"start":{"line":23,"column":8},"end":{"line":23,"column":40}},"14":{"start":{"line":24,"column":8},"end":{"line":24,"column":61}},"15":{"start":{"line":26,"column":8},"end":{"line":26,"column":39}},"16":{"start":{"line":28,"column":8},"end":{"line":28,"column":61}},"17":{"start":{"line":31,"column":8},"end":{"line":31,"column":null}},"18":{"start":{"line":32,"column":8},"end":{"line":32,"column":36}},"19":{"start":{"line":35,"column":4},"end":{"line":35,"column":18}},"20":{"start":{"line":13,"column":0},"end":{"line":13,"column":16}},"21":{"start":{"line":39,"column":17},"end":{"line":39,"column":19}},"22":{"start":{"line":40,"column":4},"end":{"line":40,"column":45}},"23":{"start":{"line":41,"column":4},"end":{"line":41,"column":47}},"24":{"start":{"line":42,"column":4},"end":{"line":42,"column":51}},"25":{"start":{"line":43,"column":4},"end":{"line":43,"column":49}},"26":{"start":{"line":44,"column":4},"end":{"line":44,"column":47}},"27":{"start":{"line":45,"column":4},"end":{"line":45,"column":45}},"28":{"start":{"line":46,"column":4},"end":{"line":46,"column":45}},"29":{"start":{"line":47,"column":4},"end":{"line":47,"column":47}},"30":{"start":{"line":48,"column":4},"end":{"line":48,"column":51}},"31":{"start":{"line":49,"column":4},"end":{"line":49,"column":49}},"32":{"start":{"line":50,"column":19},"end":{"line":50,"column":37}},"33":{"start":{"line":51,"column":4},"end":{"line":51,"column":66}},"34":{"start":{"line":52,"column":4},"end":{"line":52,"column":68}},"35":{"start":{"line":53,"column":4},"end":{"line":53,"column":68}},"36":{"start":{"line":54,"column":4},"end":{"line":54,"column":66}},"37":{"start":{"line":55,"column":4},"end":{"line":55,"column":68}},"38":{"start":{"line":56,"column":4},"end":{"line":56,"column":66}},"39":{"start":{"line":57,"column":4},"end":{"line":57,"column":18}},"40":{"start":{"line":61,"column":19},"end":{"line":61,"column":31}},"41":{"start":{"line":62,"column":4},"end":{"line":62,"column":14}},"42":{"start":{"line":62,"column":15},"end":{"line":62,"column":25}},"43":{"start":{"line":63,"column":4},"end":{"line":77,"column":null}},"44":{"start":{"line":64,"column":8},"end":{"line":76,"column":null}},"45":{"start":{"line":65,"column":34},"end":{"line":65,"column":58}},"46":{"start":{"line":66,"column":22},"end":{"line":66,"column":53}},"47":{"start":{"line":67,"column":29},"end":{"line":67,"column":55}},"48":{"start":{"line":68,"column":28},"end":{"line":68,"column":53}},"49":{"start":{"line":70,"column":12},"end":{"line":70,"column":40}},"50":{"start":{"line":71,"column":12},"end":{"line":71,"column":42}},"51":{"start":{"line":72,"column":12},"end":{"line":72,"column":40}},"52":{"start":{"line":73,"column":12},"end":{"line":73,"column":38}},"53":{"start":{"line":74,"column":12},"end":{"line":74,"column":53}},"54":{"start":{"line":75,"column":12},"end":{"line":75,"column":50}},"55":{"start":{"line":78,"column":4},"end":{"line":78,"column":15}},"56":{"start":{"line":82,"column":4},"end":{"line":84,"column":null}},"57":{"start":{"line":83,"column":9},"end":{"line":83,"column":71}},"58":{"start":{"line":81,"column":0},"end":{"line":81,"column":16}},"59":{"start":{"line":88,"column":5},"end":{"line":88,"column":70}},"60":{"start":{"line":87,"column":0},"end":{"line":87,"column":16}},"61":{"start":{"line":92,"column":17},"end":{"line":92,"column":57}},"62":{"start":{"line":93,"column":18},"end":{"line":93,"column":49}},"63":{"start":{"line":94,"column":5},"end":{"line":94,"column":42}},"64":{"start":{"line":91,"column":0},"end":{"line":91,"column":16}},"65":{"start":{"line":98,"column":4},"end":{"line":98,"column":42}},"66":{"start":{"line":99,"column":4},"end":{"line":99,"column":23}},"67":{"start":{"line":100,"column":4},"end":{"line":100,"column":41}},"68":{"start":{"line":97,"column":0},"end":{"line":97,"column":16}},"69":{"start":{"line":104,"column":4},"end":{"line":118,"column":null}},"70":{"start":{"line":105,"column":23},"end":{"line":105,"column":25}},"71":{"start":{"line":106,"column":8},"end":{"line":115,"column":null}},"72":{"start":{"line":106,"column":21},"end":{"line":106,"column":22}},"73":{"start":{"line":107,"column":23},"end":{"line":107,"column":39}},"74":{"start":{"line":108,"column":28},"end":{"line":108,"column":46}},"75":{"start":{"line":109,"column":12},"end":{"line":114,"column":15}},"76":{"start":{"line":117,"column":8},"end":{"line":117,"column":24}},"77":{"start":{"line":103,"column":0},"end":{"line":103,"column":16}},"78":{"start":{"line":122,"column":14},"end":{"line":122,"column":18}},"79":{"start":{"line":123,"column":4},"end":{"line":127,"column":null}},"80":{"start":{"line":124,"column":8},"end":{"line":124,"column":47}},"81":{"start":{"line":125,"column":11},"end":{"line":127,"column":null}},"82":{"start":{"line":126,"column":8},"end":{"line":126,"column":53}},"83":{"start":{"line":128,"column":4},"end":{"line":128,"column":15}},"84":{"start":{"line":121,"column":0},"end":{"line":121,"column":16}},"85":{"start":{"line":132,"column":19},"end":{"line":132,"column":33}},"86":{"start":{"line":133,"column":15},"end":{"line":133,"column":35}},"87":{"start":{"line":134,"column":15},"end":{"line":134,"column":24}},"88":{"start":{"line":135,"column":4},"end":{"line":135,"column":32}},"89":{"start":{"line":136,"column":4},"end":{"line":140,"column":null}},"90":{"start":{"line":137,"column":8},"end":{"line":139,"column":null}},"91":{"start":{"line":138,"column":12},"end":{"line":138,"column":44}},"92":{"start":{"line":141,"column":16},"end":{"line":141,"column":36}},"93":{"start":{"line":142,"column":4},"end":{"line":150,"column":null}},"94":{"start":{"line":143,"column":8},"end":{"line":149,"column":null}},"95":{"start":{"line":144,"column":12},"end":{"line":147,"column":null}},"96":{"start":{"line":145,"column":16},"end":{"line":145,"column":93}},"97":{"start":{"line":146,"column":16},"end":{"line":146,"column":23}},"98":{"start":{"line":148,"column":12},"end":{"line":148,"column":80}},"99":{"start":{"line":151,"column":4},"end":{"line":154,"column":null}},"100":{"start":{"line":152,"column":22},"end":{"line":152,"column":59}},"101":{"start":{"line":153,"column":8},"end":{"line":153,"column":67}},"102":{"start":{"line":155,"column":4},"end":{"line":157,"column":null}},"103":{"start":{"line":156,"column":8},"end":{"line":156,"column":65}},"104":{"start":{"line":158,"column":4},"end":{"line":158,"column":null}},"105":{"start":{"line":159,"column":4},"end":{"line":163,"column":null}},"106":{"start":{"line":160,"column":8},"end":{"line":162,"column":null}},"107":{"start":{"line":161,"column":12},"end":{"line":161,"column":58}},"108":{"start":{"line":164,"column":4},"end":{"line":164,"column":null}},"109":{"start":{"line":131,"column":0},"end":{"line":131,"column":16}},"110":{"start":{"line":168,"column":14},"end":{"line":168,"column":41}},"111":{"start":{"line":169,"column":14},"end":{"line":169,"column":45}},"112":{"start":{"line":170,"column":4},"end":{"line":170,"column":29}},"113":{"start":{"line":171,"column":4},"end":{"line":171,"column":34}},"114":{"start":{"line":167,"column":0},"end":{"line":167,"column":16}},"115":{"start":{"line":175,"column":14},"end":{"line":175,"column":29}},"116":{"start":{"line":176,"column":4},"end":{"line":178,"column":null}},"117":{"start":{"line":177,"column":8},"end":{"line":177,"column":43}},"118":{"start":{"line":179,"column":4},"end":{"line":179,"column":16}},"119":{"start":{"line":174,"column":0},"end":{"line":174,"column":16}},"120":{"start":{"line":183,"column":14},"end":{"line":183,"column":29}},"121":{"start":{"line":184,"column":4},"end":{"line":199,"column":null}},"122":{"start":{"line":185,"column":8},"end":{"line":198,"column":null}},"123":{"start":{"line":188,"column":25},"end":{"line":188,"column":62}},"124":{"start":{"line":189,"column":12},"end":{"line":189,"column":null}},"125":{"start":{"line":190,"column":12},"end":{"line":190,"column":null}},"126":{"start":{"line":191,"column":12},"end":{"line":191,"column":65}},"127":{"start":{"line":192,"column":24},"end":{"line":192,"column":53}},"128":{"start":{"line":193,"column":12},"end":{"line":193,"column":65}},"129":{"start":{"line":194,"column":12},"end":{"line":194,"column":25}},"130":{"start":{"line":197,"column":12},"end":{"line":197,"column":64}},"131":{"start":{"line":200,"column":4},"end":{"line":200,"column":16}},"132":{"start":{"line":182,"column":0},"end":{"line":182,"column":16}},"133":{"start":{"line":204,"column":19},"end":{"line":220,"column":5}},"134":{"start":{"line":205,"column":20},"end":{"line":205,"column":22}},"135":{"start":{"line":206,"column":8},"end":{"line":210,"column":null}},"136":{"start":{"line":207,"column":12},"end":{"line":209,"column":null}},"137":{"start":{"line":208,"column":16},"end":{"line":208,"column":33}},"138":{"start":{"line":211,"column":19},"end":{"line":215,"column":15}},"139":{"start":{"line":212,"column":12},"end":{"line":212,"column":49}},"140":{"start":{"line":212,"column":35},"end":{"line":212,"column":49}},"141":{"start":{"line":213,"column":12},"end":{"line":213,"column":53}},"142":{"start":{"line":213,"column":37},"end":{"line":213,"column":53}},"143":{"start":{"line":214,"column":12},"end":{"line":214,"column":21}},"144":{"start":{"line":216,"column":8},"end":{"line":216,"column":50}},"145":{"start":{"line":217,"column":8},"end":{"line":219,"column":null}},"146":{"start":{"line":218,"column":12},"end":{"line":218,"column":34}},"147":{"start":{"line":221,"column":4},"end":{"line":235,"column":null}},"148":{"start":{"line":222,"column":8},"end":{"line":226,"column":null}},"149":{"start":{"line":223,"column":12},"end":{"line":223,"column":153}},"150":{"start":{"line":223,"column":62},"end":{"line":223,"column":138}},"151":{"start":{"line":225,"column":12},"end":{"line":225,"column":57}},"152":{"start":{"line":228,"column":18},"end":{"line":228,"column":33}},"153":{"start":{"line":229,"column":26},"end":{"line":229,"column":44}},"154":{"start":{"line":230,"column":8},"end":{"line":234,"column":null}},"155":{"start":{"line":231,"column":12},"end":{"line":231,"column":107}},"156":{"start":{"line":231,"column":67},"end":{"line":231,"column":92}},"157":{"start":{"line":233,"column":12},"end":{"line":233,"column":62}},"158":{"start":{"line":203,"column":0},"end":{"line":203,"column":16}},"159":{"start":{"line":239,"column":4},"end":{"line":239,"column":44}},"160":{"start":{"line":238,"column":0},"end":{"line":238,"column":16}},"161":{"start":{"line":243,"column":19},"end":{"line":243,"column":53}},"162":{"start":{"line":244,"column":4},"end":{"line":244,"column":26}},"163":{"start":{"line":247,"column":4},"end":{"line":247,"column":29}},"164":{"start":{"line":248,"column":4},"end":{"line":248,"column":30}},"165":{"start":{"line":249,"column":4},"end":{"line":249,"column":38}},"166":{"start":{"line":251,"column":4},"end":{"line":251,"column":40}},"167":{"start":{"line":252,"column":4},"end":{"line":252,"column":21}},"168":{"start":{"line":253,"column":4},"end":{"line":253,"column":22}},"169":{"start":{"line":255,"column":4},"end":{"line":261,"column":null}},"170":{"start":{"line":256,"column":25},"end":{"line":256,"column":53}},"171":{"start":{"line":257,"column":18},"end":{"line":257,"column":60}},"172":{"start":{"line":258,"column":8},"end":{"line":258,"column":65}},"173":{"start":{"line":260,"column":8},"end":{"line":260,"column":61}},"174":{"start":{"line":263,"column":4},"end":{"line":263,"column":40}},"175":{"start":{"line":266,"column":4},"end":{"line":269,"column":null}},"176":{"start":{"line":267,"column":8},"end":{"line":267,"column":42}},"177":{"start":{"line":268,"column":8},"end":{"line":268,"column":15}},"178":{"start":{"line":270,"column":4},"end":{"line":274,"column":7}},"179":{"start":{"line":271,"column":8},"end":{"line":271,"column":67}},"180":{"start":{"line":273,"column":8},"end":{"line":273,"column":59}},"181":{"start":{"line":265,"column":0},"end":{"line":265,"column":16}},"182":{"start":{"line":278,"column":14},"end":{"line":278,"column":30}},"183":{"start":{"line":279,"column":4},"end":{"line":280,"column":63}},"184":{"start":{"line":280,"column":8},"end":{"line":280,"column":63}},"185":{"start":{"line":281,"column":4},"end":{"line":283,"column":null}},"186":{"start":{"line":277,"column":0},"end":{"line":277,"column":16}},"187":{"start":{"line":287,"column":14},"end":{"line":287,"column":30}},"188":{"start":{"line":288,"column":4},"end":{"line":288,"column":44}},"189":{"start":{"line":286,"column":0},"end":{"line":286,"column":16}},"190":{"start":{"line":292,"column":14},"end":{"line":292,"column":30}},"191":{"start":{"line":293,"column":4},"end":{"line":293,"column":15}},"192":{"start":{"line":291,"column":0},"end":{"line":291,"column":16}},"193":{"start":{"line":297,"column":4},"end":{"line":297,"column":22}},"194":{"start":{"line":296,"column":0},"end":{"line":296,"column":16}},"195":{"start":{"line":301,"column":14},"end":{"line":301,"column":28}},"196":{"start":{"line":302,"column":4},"end":{"line":306,"column":null}},"197":{"start":{"line":303,"column":8},"end":{"line":303,"column":31}},"198":{"start":{"line":305,"column":8},"end":{"line":305,"column":19}},"199":{"start":{"line":300,"column":0},"end":{"line":300,"column":16}},"200":{"start":{"line":310,"column":16},"end":{"line":319,"column":10}},"201":{"start":{"line":311,"column":23},"end":{"line":311,"column":84}},"202":{"start":{"line":312,"column":23},"end":{"line":312,"column":95}},"203":{"start":{"line":313,"column":20},"end":{"line":313,"column":44}},"204":{"start":{"line":314,"column":8},"end":{"line":318,"column":null}},"205":{"start":{"line":315,"column":12},"end":{"line":315,"column":33}},"206":{"start":{"line":317,"column":12},"end":{"line":317,"column":93}},"207":{"start":{"line":323,"column":14},"end":{"line":323,"column":28}},"208":{"start":{"line":324,"column":4},"end":{"line":330,"column":null}},"209":{"start":{"line":325,"column":8},"end":{"line":329,"column":11}},"210":{"start":{"line":322,"column":0},"end":{"line":322,"column":16}},"211":{"start":{"line":334,"column":14},"end":{"line":334,"column":31}},"212":{"start":{"line":335,"column":17},"end":{"line":335,"column":35}},"213":{"start":{"line":336,"column":4},"end":{"line":336,"column":76}},"214":{"start":{"line":333,"column":0},"end":{"line":333,"column":16}},"215":{"start":{"line":340,"column":14},"end":{"line":340,"column":31}},"216":{"start":{"line":341,"column":4},"end":{"line":341,"column":29}},"217":{"start":{"line":339,"column":0},"end":{"line":339,"column":16}},"218":{"start":{"line":345,"column":14},"end":{"line":345,"column":29}},"219":{"start":{"line":346,"column":4},"end":{"line":347,"column":59}},"220":{"start":{"line":347,"column":8},"end":{"line":347,"column":59}},"221":{"start":{"line":348,"column":4},"end":{"line":348,"column":37}},"222":{"start":{"line":344,"column":0},"end":{"line":344,"column":16}},"223":{"start":{"line":352,"column":14},"end":{"line":352,"column":29}},"224":{"start":{"line":353,"column":4},"end":{"line":355,"column":null}},"225":{"start":{"line":354,"column":8},"end":{"line":354,"column":55}},"226":{"start":{"line":351,"column":0},"end":{"line":351,"column":16}},"227":{"start":{"line":359,"column":14},"end":{"line":359,"column":29}},"228":{"start":{"line":360,"column":4},"end":{"line":362,"column":null}},"229":{"start":{"line":361,"column":8},"end":{"line":361,"column":58}},"230":{"start":{"line":358,"column":0},"end":{"line":358,"column":16}},"231":{"start":{"line":366,"column":14},"end":{"line":366,"column":29}},"232":{"start":{"line":368,"column":4},"end":{"line":370,"column":null}},"233":{"start":{"line":369,"column":8},"end":{"line":369,"column":87}},"234":{"start":{"line":365,"column":0},"end":{"line":365,"column":16}},"235":{"start":{"line":374,"column":17},"end":{"line":374,"column":28}},"236":{"start":{"line":375,"column":4},"end":{"line":377,"column":null}},"237":{"start":{"line":376,"column":8},"end":{"line":376,"column":49}},"238":{"start":{"line":378,"column":4},"end":{"line":378,"column":18}},"239":{"start":{"line":373,"column":0},"end":{"line":373,"column":16}},"240":{"start":{"line":382,"column":17},"end":{"line":382,"column":29}},"241":{"start":{"line":383,"column":4},"end":{"line":385,"column":null}},"242":{"start":{"line":384,"column":8},"end":{"line":384,"column":50}},"243":{"start":{"line":386,"column":4},"end":{"line":386,"column":18}},"244":{"start":{"line":381,"column":0},"end":{"line":381,"column":16}},"245":{"start":{"line":390,"column":4},"end":{"line":390,"column":39}},"246":{"start":{"line":389,"column":0},"end":{"line":389,"column":16}},"247":{"start":{"line":394,"column":4},"end":{"line":394,"column":39}},"248":{"start":{"line":393,"column":0},"end":{"line":393,"column":16}},"249":{"start":{"line":398,"column":17},"end":{"line":398,"column":40}},"250":{"start":{"line":399,"column":4},"end":{"line":401,"column":null}},"251":{"start":{"line":400,"column":8},"end":{"line":400,"column":39}},"252":{"start":{"line":397,"column":0},"end":{"line":397,"column":16}},"253":{"start":{"line":405,"column":17},"end":{"line":405,"column":40}},"254":{"start":{"line":406,"column":4},"end":{"line":408,"column":null}},"255":{"start":{"line":407,"column":8},"end":{"line":407,"column":39}},"256":{"start":{"line":404,"column":0},"end":{"line":404,"column":16}},"257":{"start":{"line":412,"column":18},"end":{"line":412,"column":40}},"258":{"start":{"line":413,"column":13},"end":{"line":413,"column":45}},"259":{"start":{"line":414,"column":4},"end":{"line":414,"column":14}},"260":{"start":{"line":411,"column":0},"end":{"line":411,"column":16}},"261":{"start":{"line":418,"column":27},"end":{"line":418,"column":59}},"262":{"start":{"line":419,"column":4},"end":{"line":429,"column":null}},"263":{"start":{"line":420,"column":8},"end":{"line":428,"column":15}},"264":{"start":{"line":421,"column":12},"end":{"line":421,"column":24}},"265":{"start":{"line":422,"column":24},"end":{"line":422,"column":48}},"266":{"start":{"line":423,"column":12},"end":{"line":427,"column":null}},"267":{"start":{"line":424,"column":16},"end":{"line":426,"column":null}},"268":{"start":{"line":425,"column":20},"end":{"line":425,"column":53}},"269":{"start":{"line":417,"column":0},"end":{"line":417,"column":16}},"270":{"start":{"line":433,"column":4},"end":{"line":438,"column":6}},"271":{"start":{"line":432,"column":0},"end":{"line":432,"column":16}},"272":{"start":{"line":443,"column":4},"end":{"line":453,"column":6}},"273":{"start":{"line":444,"column":24},"end":{"line":444,"column":28}},"274":{"start":{"line":444,"column":37},"end":{"line":444,"column":46}},"275":{"start":{"line":445,"column":22},"end":{"line":448,"column":9}},"276":{"start":{"line":446,"column":12},"end":{"line":446,"column":27}},"277":{"start":{"line":447,"column":12},"end":{"line":447,"column":51}},"278":{"start":{"line":447,"column":28},"end":{"line":447,"column":51}},"279":{"start":{"line":449,"column":24},"end":{"line":449,"column":45}},"280":{"start":{"line":450,"column":8},"end":{"line":450,"column":30}},"281":{"start":{"line":451,"column":8},"end":{"line":451,"column":42}},"282":{"start":{"line":452,"column":8},"end":{"line":452,"column":47}},"283":{"start":{"line":452,"column":21},"end":{"line":452,"column":47}},"284":{"start":{"line":457,"column":4},"end":{"line":465,"column":null}},"285":{"start":{"line":458,"column":8},"end":{"line":458,"column":36}},"286":{"start":{"line":460,"column":8},"end":{"line":464,"column":null}},"287":{"start":{"line":461,"column":12},"end":{"line":463,"column":null}},"288":{"start":{"line":462,"column":16},"end":{"line":462,"column":47}},"289":{"start":{"line":456,"column":0},"end":{"line":456,"column":16}},"290":{"start":{"line":469,"column":18},"end":{"line":469,"column":34}},"291":{"start":{"line":471,"column":4},"end":{"line":475,"column":null}},"292":{"start":{"line":472,"column":8},"end":{"line":472,"column":39}},"293":{"start":{"line":474,"column":8},"end":{"line":474,"column":42}},"294":{"start":{"line":468,"column":0},"end":{"line":468,"column":16}},"295":{"start":{"line":479,"column":18},"end":{"line":479,"column":34}},"296":{"start":{"line":481,"column":4},"end":{"line":485,"column":null}},"297":{"start":{"line":482,"column":8},"end":{"line":482,"column":42}},"298":{"start":{"line":484,"column":8},"end":{"line":484,"column":45}},"299":{"start":{"line":478,"column":0},"end":{"line":478,"column":16}},"300":{"start":{"line":489,"column":18},"end":{"line":489,"column":34}},"301":{"start":{"line":491,"column":4},"end":{"line":492,"column":15}},"302":{"start":{"line":492,"column":8},"end":{"line":492,"column":15}},"303":{"start":{"line":494,"column":4},"end":{"line":494,"column":86}},"304":{"start":{"line":488,"column":0},"end":{"line":488,"column":16}},"305":{"start":{"line":497,"column":26},"end":{"line":497,"column":28}},"306":{"start":{"line":499,"column":21},"end":{"line":503,"column":1}},"307":{"start":{"line":500,"column":19},"end":{"line":500,"column":47}},"308":{"start":{"line":501,"column":4},"end":{"line":501,"column":56}},"309":{"start":{"line":501,"column":43},"end":{"line":501,"column":56}},"310":{"start":{"line":502,"column":4},"end":{"line":502,"column":102}},"311":{"start":{"line":506,"column":15},"end":{"line":506,"column":28}},"312":{"start":{"line":507,"column":25},"end":{"line":507,"column":27}},"313":{"start":{"line":508,"column":4},"end":{"line":510,"column":7}},"314":{"start":{"line":509,"column":8},"end":{"line":509,"column":44}},"315":{"start":{"line":511,"column":4},"end":{"line":511,"column":41}},"316":{"start":{"line":512,"column":4},"end":{"line":517,"column":11}},"317":{"start":{"line":518,"column":4},"end":{"line":518,"column":50}},"318":{"start":{"line":505,"column":0},"end":{"line":505,"column":16}},"319":{"start":{"line":522,"column":23},"end":{"line":522,"column":82}},"320":{"start":{"line":524,"column":4},"end":{"line":529,"column":11}},"321":{"start":{"line":530,"column":4},"end":{"line":530,"column":53}},"322":{"start":{"line":521,"column":0},"end":{"line":521,"column":16}},"323":{"start":{"line":534,"column":4},"end":{"line":535,"column":63}},"324":{"start":{"line":535,"column":22},"end":{"line":535,"column":61}},"325":{"start":{"line":533,"column":0},"end":{"line":533,"column":16}},"326":{"start":{"line":539,"column":4},"end":{"line":541,"column":null}},"327":{"start":{"line":540,"column":8},"end":{"line":540,"column":15}},"328":{"start":{"line":542,"column":19},"end":{"line":542,"column":51}},"329":{"start":{"line":543,"column":4},"end":{"line":543,"column":42}},"330":{"start":{"line":544,"column":4},"end":{"line":544,"column":53}},"331":{"start":{"line":545,"column":4},"end":{"line":545,"column":38}},"332":{"start":{"line":538,"column":0},"end":{"line":538,"column":16}},"333":{"start":{"line":549,"column":4},"end":{"line":549,"column":60}},"334":{"start":{"line":548,"column":0},"end":{"line":548,"column":16}},"335":{"start":{"line":553,"column":14},"end":{"line":553,"column":29}},"336":{"start":{"line":554,"column":4},"end":{"line":554,"column":25}},"337":{"start":{"line":552,"column":0},"end":{"line":552,"column":16}},"338":{"start":{"line":558,"column":4},"end":{"line":558,"column":null}},"339":{"start":{"line":558,"column":46},"end":{"line":558,"column":98}},"340":{"start":{"line":557,"column":0},"end":{"line":557,"column":16}},"341":{"start":{"line":562,"column":4},"end":{"line":565,"column":96}},"342":{"start":{"line":563,"column":8},"end":{"line":563,"column":47}},"343":{"start":{"line":564,"column":9},"end":{"line":565,"column":96}},"344":{"start":{"line":565,"column":8},"end":{"line":565,"column":96}},"345":{"start":{"line":561,"column":0},"end":{"line":561,"column":16}},"346":{"start":{"line":569,"column":17},"end":{"line":569,"column":19}},"347":{"start":{"line":570,"column":14},"end":{"line":570,"column":29}},"348":{"start":{"line":571,"column":4},"end":{"line":571,"column":51}},"349":{"start":{"line":573,"column":4},"end":{"line":586,"column":null}},"350":{"start":{"line":574,"column":8},"end":{"line":574,"column":79}},"351":{"start":{"line":575,"column":8},"end":{"line":575,"column":79}},"352":{"start":{"line":576,"column":8},"end":{"line":576,"column":85}},"353":{"start":{"line":577,"column":8},"end":{"line":577,"column":83}},"354":{"start":{"line":578,"column":8},"end":{"line":578,"column":77}},"355":{"start":{"line":580,"column":9},"end":{"line":586,"column":null}},"356":{"start":{"line":581,"column":8},"end":{"line":581,"column":128}},"357":{"start":{"line":582,"column":8},"end":{"line":582,"column":128}},"358":{"start":{"line":583,"column":8},"end":{"line":583,"column":134}},"359":{"start":{"line":584,"column":8},"end":{"line":584,"column":132}},"360":{"start":{"line":585,"column":8},"end":{"line":585,"column":126}},"361":{"start":{"line":588,"column":4},"end":{"line":589,"column":32}},"362":{"start":{"line":589,"column":8},"end":{"line":589,"column":32}},"363":{"start":{"line":590,"column":4},"end":{"line":591,"column":35}},"364":{"start":{"line":591,"column":8},"end":{"line":591,"column":35}},"365":{"start":{"line":592,"column":4},"end":{"line":592,"column":18}},"366":{"start":{"line":568,"column":0},"end":{"line":568,"column":16}},"367":{"start":{"line":595,"column":17},"end":{"line":595,"column":19}},"368":{"start":{"line":598,"column":4},"end":{"line":606,"column":null}},"369":{"start":{"line":599,"column":8},"end":{"line":599,"column":39}},"370":{"start":{"line":602,"column":8},"end":{"line":602,"column":52}},"371":{"start":{"line":603,"column":8},"end":{"line":603,"column":null}},"372":{"start":{"line":603,"column":55},"end":{"line":603,"column":97}},"373":{"start":{"line":604,"column":8},"end":{"line":604,"column":74}},"374":{"start":{"line":605,"column":8},"end":{"line":605,"column":40}},"375":{"start":{"line":597,"column":0},"end":{"line":597,"column":16}},"376":{"start":{"line":610,"column":4},"end":{"line":610,"column":73}},"377":{"start":{"line":611,"column":4},"end":{"line":611,"column":40}},"378":{"start":{"line":612,"column":4},"end":{"line":612,"column":42}},"379":{"start":{"line":609,"column":0},"end":{"line":609,"column":16}},"380":{"start":{"line":617,"column":15},"end":{"line":617,"column":39}},"381":{"start":{"line":618,"column":20},"end":{"line":618,"column":38}},"382":{"start":{"line":619,"column":23},"end":{"line":619,"column":108}},"383":{"start":{"line":620,"column":20},"end":{"line":620,"column":52}},"384":{"start":{"line":621,"column":4},"end":{"line":621,"column":34}},"385":{"start":{"line":623,"column":15},"end":{"line":623,"column":59}},"386":{"start":{"line":624,"column":4},"end":{"line":624,"column":35}},"387":{"start":{"line":626,"column":20},"end":{"line":626,"column":21}},"388":{"start":{"line":627,"column":4},"end":{"line":638,"column":null}},"389":{"start":{"line":628,"column":8},"end":{"line":628,"column":23}},"390":{"start":{"line":630,"column":8},"end":{"line":630,"column":54}},"391":{"start":{"line":631,"column":8},"end":{"line":631,"column":48}},"392":{"start":{"line":632,"column":8},"end":{"line":632,"column":44}},"393":{"start":{"line":635,"column":8},"end":{"line":635,"column":52}},"394":{"start":{"line":636,"column":8},"end":{"line":636,"column":48}},"395":{"start":{"line":637,"column":8},"end":{"line":637,"column":43}},"396":{"start":{"line":639,"column":4},"end":{"line":642,"column":null}},"397":{"start":{"line":640,"column":26},"end":{"line":640,"column":54}},"398":{"start":{"line":641,"column":8},"end":{"line":641,"column":103}},"399":{"start":{"line":616,"column":0},"end":{"line":616,"column":16}},"400":{"start":{"line":647,"column":25},"end":{"line":647,"column":27}},"401":{"start":{"line":649,"column":4},"end":{"line":649,"column":46}},"402":{"start":{"line":648,"column":0},"end":{"line":648,"column":16}},"403":{"start":{"line":654,"column":0},"end":{"line":654,"column":40}},"404":{"start":{"line":657,"column":4},"end":{"line":657,"column":48}},"405":{"start":{"line":658,"column":4},"end":{"line":658,"column":60}},"406":{"start":{"line":660,"column":17},"end":{"line":660,"column":35}},"407":{"start":{"line":662,"column":4},"end":{"line":662,"column":58}},"408":{"start":{"line":656,"column":0},"end":{"line":656,"column":16}},"409":{"start":{"line":666,"column":22},"end":{"line":666,"column":50}},"410":{"start":{"line":667,"column":4},"end":{"line":671,"column":null}},"411":{"start":{"line":668,"column":8},"end":{"line":668,"column":63}},"412":{"start":{"line":670,"column":8},"end":{"line":670,"column":67}},"413":{"start":{"line":676,"column":0},"end":{"line":676,"column":9}},"414":{"start":{"line":676,"column":9},"end":{"line":676,"column":27}},"415":{"start":{"line":676,"column":27},"end":{"line":676,"column":44}},"416":{"start":{"line":676,"column":44},"end":{"line":676,"column":93}},"417":{"start":{"line":679,"column":4},"end":{"line":681,"column":null}},"418":{"start":{"line":680,"column":8},"end":{"line":680,"column":50}},"419":{"start":{"line":682,"column":4},"end":{"line":682,"column":71}},"420":{"start":{"line":678,"column":0},"end":{"line":678,"column":16}},"421":{"start":{"line":686,"column":4},"end":{"line":688,"column":null}},"422":{"start":{"line":687,"column":8},"end":{"line":687,"column":78}},"423":{"start":{"line":685,"column":0},"end":{"line":685,"column":16}},"424":{"start":{"line":692,"column":4},"end":{"line":695,"column":null}},"425":{"start":{"line":693,"column":8},"end":{"line":693,"column":27}},"426":{"start":{"line":694,"column":8},"end":{"line":694,"column":21}},"427":{"start":{"line":699,"column":4},"end":{"line":704,"column":null}},"428":{"start":{"line":700,"column":18},"end":{"line":700,"column":38}},"429":{"start":{"line":701,"column":8},"end":{"line":701,"column":null}},"430":{"start":{"line":701,"column":39},"end":{"line":701,"column":62}},"431":{"start":{"line":702,"column":8},"end":{"line":702,"column":76}},"432":{"start":{"line":702,"column":55},"end":{"line":702,"column":75}},"433":{"start":{"line":703,"column":9},"end":{"line":703,"column":103}},"434":{"start":{"line":698,"column":0},"end":{"line":698,"column":16}},"435":{"start":{"line":708,"column":4},"end":{"line":712,"column":null}},"436":{"start":{"line":709,"column":18},"end":{"line":709,"column":38}},"437":{"start":{"line":710,"column":9},"end":{"line":710,"column":99}},"438":{"start":{"line":711,"column":8},"end":{"line":711,"column":53}},"439":{"start":{"line":707,"column":0},"end":{"line":707,"column":16}},"440":{"start":{"line":716,"column":4},"end":{"line":719,"column":null}},"441":{"start":{"line":717,"column":8},"end":{"line":717,"column":27}},"442":{"start":{"line":718,"column":8},"end":{"line":718,"column":21}},"443":{"start":{"line":723,"column":4},"end":{"line":727,"column":null}},"444":{"start":{"line":724,"column":18},"end":{"line":724,"column":33}},"445":{"start":{"line":725,"column":8},"end":{"line":725,"column":134}},"446":{"start":{"line":725,"column":56},"end":{"line":725,"column":133}},"447":{"start":{"line":725,"column":96},"end":{"line":725,"column":132}},"448":{"start":{"line":726,"column":9},"end":{"line":726,"column":104}},"449":{"start":{"line":722,"column":0},"end":{"line":722,"column":16}},"450":{"start":{"line":731,"column":4},"end":{"line":735,"column":null}},"451":{"start":{"line":732,"column":18},"end":{"line":732,"column":33}},"452":{"start":{"line":733,"column":9},"end":{"line":733,"column":100}},"453":{"start":{"line":734,"column":8},"end":{"line":734,"column":54}},"454":{"start":{"line":730,"column":0},"end":{"line":730,"column":16}},"455":{"start":{"line":739,"column":4},"end":{"line":739,"column":53}},"456":{"start":{"line":738,"column":0},"end":{"line":738,"column":16}},"457":{"start":{"line":743,"column":4},"end":{"line":760,"column":null}},"458":{"start":{"line":744,"column":18},"end":{"line":744,"column":29}},"459":{"start":{"line":745,"column":8},"end":{"line":745,"column":null}},"460":{"start":{"line":746,"column":8},"end":{"line":752,"column":null}},"461":{"start":{"line":747,"column":12},"end":{"line":751,"column":null}},"462":{"start":{"line":753,"column":8},"end":{"line":759,"column":null}},"463":{"start":{"line":754,"column":12},"end":{"line":758,"column":null}},"464":{"start":{"line":742,"column":0},"end":{"line":742,"column":16}},"465":{"start":{"line":764,"column":23},"end":{"line":764,"column":38}},"466":{"start":{"line":765,"column":4},"end":{"line":769,"column":null}},"467":{"start":{"line":766,"column":8},"end":{"line":768,"column":null}},"468":{"start":{"line":767,"column":12},"end":{"line":767,"column":31}},"469":{"start":{"line":763,"column":0},"end":{"line":763,"column":16}},"470":{"start":{"line":773,"column":27},"end":{"line":780,"column":7}},"471":{"start":{"line":774,"column":27},"end":{"line":774,"column":29}},"472":{"start":{"line":775,"column":8},"end":{"line":778,"column":null}},"473":{"start":{"line":776,"column":30},"end":{"line":776,"column":47}},"474":{"start":{"line":777,"column":12},"end":{"line":777,"column":39}},"475":{"start":{"line":779,"column":8},"end":{"line":779,"column":56}},"476":{"start":{"line":781,"column":4},"end":{"line":781,"column":44}},"477":{"start":{"line":772,"column":0},"end":{"line":772,"column":16}},"478":{"start":{"line":785,"column":19},"end":{"line":785,"column":54}},"479":{"start":{"line":787,"column":17},"end":{"line":787,"column":19}},"480":{"start":{"line":789,"column":4},"end":{"line":796,"column":null}},"481":{"start":{"line":789,"column":17},"end":{"line":789,"column":18}},"482":{"start":{"line":790,"column":25},"end":{"line":790,"column":36}},"483":{"start":{"line":791,"column":18},"end":{"line":794,"column":10}},"484":{"start":{"line":795,"column":8},"end":{"line":795,"column":25}},"485":{"start":{"line":798,"column":4},"end":{"line":798,"column":18}},"486":{"start":{"line":784,"column":0},"end":{"line":784,"column":16}},"487":{"start":{"line":802,"column":18},"end":{"line":802,"column":35}},"488":{"start":{"line":803,"column":19},"end":{"line":803,"column":37}},"489":{"start":{"line":805,"column":4},"end":{"line":805,"column":27}},"490":{"start":{"line":806,"column":4},"end":{"line":806,"column":34}},"491":{"start":{"line":808,"column":15},"end":{"line":808,"column":44}},"492":{"start":{"line":810,"column":4},"end":{"line":810,"column":32}},"493":{"start":{"line":811,"column":4},"end":{"line":811,"column":34}},"494":{"start":{"line":813,"column":4},"end":{"line":813,"column":16}},"495":{"start":{"line":801,"column":0},"end":{"line":801,"column":16}}},"fnMap":{"0":{"name":"getDom","decl":{"start":{"line":1,"column":17},"end":{"line":1,"column":23}},"loc":{"start":{"line":1,"column":31},"end":{"line":11,"column":1}}},"1":{"name":"getDomInfo","decl":{"start":{"line":13,"column":16},"end":{"line":13,"column":26}},"loc":{"start":{"line":13,"column":53},"end":{"line":36,"column":1}}},"2":{"name":"getDomInfoObj","decl":{"start":{"line":38,"column":9},"end":{"line":38,"column":22}},"loc":{"start":{"line":38,"column":26},"end":{"line":58,"column":1}}},"3":{"name":"getElementPos","decl":{"start":{"line":60,"column":9},"end":{"line":60,"column":22}},"loc":{"start":{"line":60,"column":30},"end":{"line":79,"column":1}}},"4":{"name":"addFileClickEventListener","decl":{"start":{"line":81,"column":16},"end":{"line":81,"column":41}},"loc":{"start":{"line":81,"column":45},"end":{"line":85,"column":1}}},"5":{"name":"removeFileClickEventListener","decl":{"start":{"line":87,"column":16},"end":{"line":87,"column":44}},"loc":{"start":{"line":87,"column":48},"end":{"line":89,"column":1}}},"6":{"name":"fileClickEvent","decl":{"start":{"line":91,"column":16},"end":{"line":91,"column":30}},"loc":{"start":{"line":91,"column":30},"end":{"line":95,"column":1}}},"7":{"name":"clearFile","decl":{"start":{"line":97,"column":16},"end":{"line":97,"column":25}},"loc":{"start":{"line":97,"column":33},"end":{"line":101,"column":1}}},"8":{"name":"getFileInfo","decl":{"start":{"line":103,"column":16},"end":{"line":103,"column":27}},"loc":{"start":{"line":103,"column":35},"end":{"line":119,"column":1}}},"9":{"name":"getObjectURL","decl":{"start":{"line":121,"column":16},"end":{"line":121,"column":28}},"loc":{"start":{"line":121,"column":39},"end":{"line":129,"column":1}}},"10":{"name":"uploadFile","decl":{"start":{"line":131,"column":16},"end":{"line":131,"column":26}},"loc":{"start":{"line":131,"column":128},"end":{"line":165,"column":1}}},"11":{"name":"(anonymous_11)","decl":{"start":{"line":142,"column":29},"end":{"line":142,"column":null}},"loc":{"start":{"line":142,"column":29},"end":{"line":150,"column":5}}},"12":{"name":"(anonymous_12)","decl":{"start":{"line":151,"column":28},"end":{"line":151,"column":38}},"loc":{"start":{"line":151,"column":43},"end":{"line":154,"column":5}}},"13":{"name":"(anonymous_13)","decl":{"start":{"line":155,"column":18},"end":{"line":155,"column":28}},"loc":{"start":{"line":155,"column":29},"end":{"line":157,"column":5}}},"14":{"name":"triggerEvent","decl":{"start":{"line":167,"column":16},"end":{"line":167,"column":28}},"loc":{"start":{"line":167,"column":58},"end":{"line":172,"column":1}}},"15":{"name":"getBoundingClientRect","decl":{"start":{"line":174,"column":16},"end":{"line":174,"column":37}},"loc":{"start":{"line":174,"column":45},"end":{"line":180,"column":1}}},"16":{"name":"getFirstChildBoundingClientRect","decl":{"start":{"line":182,"column":16},"end":{"line":182,"column":47}},"loc":{"start":{"line":182,"column":74},"end":{"line":201,"column":1}}},"17":{"name":"addDomEventListener","decl":{"start":{"line":203,"column":16},"end":{"line":203,"column":35}},"loc":{"start":{"line":203,"column":79},"end":{"line":236,"column":1}}},"18":{"name":"(anonymous_18)","decl":{"start":{"line":204,"column":19},"end":{"line":204,"column":23}},"loc":{"start":{"line":204,"column":26},"end":{"line":220,"column":5}}},"19":{"name":"(anonymous_19)","decl":{"start":{"line":211,"column":39},"end":{"line":211,"column":40}},"loc":{"start":{"line":211,"column":48},"end":{"line":215,"column":9}}},"20":{"name":"(anonymous_20)","decl":{"start":{"line":223,"column":56},"end":{"line":223,"column":59}},"loc":{"start":{"line":223,"column":62},"end":{"line":223,"column":138}}},"21":{"name":"(anonymous_21)","decl":{"start":{"line":231,"column":61},"end":{"line":231,"column":64}},"loc":{"start":{"line":231,"column":67},"end":{"line":231,"column":92}}},"22":{"name":"matchMedia","decl":{"start":{"line":238,"column":16},"end":{"line":238,"column":26}},"loc":{"start":{"line":238,"column":32},"end":{"line":240,"column":1}}},"23":{"name":"fallbackCopyTextToClipboard","decl":{"start":{"line":242,"column":9},"end":{"line":242,"column":36}},"loc":{"start":{"line":242,"column":41},"end":{"line":264,"column":1}}},"24":{"name":"copy","decl":{"start":{"line":265,"column":16},"end":{"line":265,"column":20}},"loc":{"start":{"line":265,"column":25},"end":{"line":275,"column":1}}},"25":{"name":"(anonymous_25)","decl":{"start":{"line":270,"column":45},"end":{"line":270,"column":null}},"loc":{"start":{"line":270,"column":45},"end":{"line":272,"column":5}}},"26":{"name":"(anonymous_26)","decl":{"start":{"line":272,"column":7},"end":{"line":272,"column":17}},"loc":{"start":{"line":272,"column":20},"end":{"line":274,"column":5}}},"27":{"name":"focus","decl":{"start":{"line":277,"column":16},"end":{"line":277,"column":21}},"loc":{"start":{"line":277,"column":57},"end":{"line":284,"column":1}}},"28":{"name":"hasFocus","decl":{"start":{"line":286,"column":16},"end":{"line":286,"column":24}},"loc":{"start":{"line":286,"column":33},"end":{"line":289,"column":1}}},"29":{"name":"blur","decl":{"start":{"line":291,"column":16},"end":{"line":291,"column":20}},"loc":{"start":{"line":291,"column":29},"end":{"line":294,"column":1}}},"30":{"name":"log","decl":{"start":{"line":296,"column":16},"end":{"line":296,"column":19}},"loc":{"start":{"line":296,"column":24},"end":{"line":298,"column":1}}},"31":{"name":"backTop","decl":{"start":{"line":300,"column":16},"end":{"line":300,"column":23}},"loc":{"start":{"line":300,"column":38},"end":{"line":307,"column":1}}},"32":{"name":"slideTo","decl":{"start":{"line":309,"column":9},"end":{"line":309,"column":16}},"loc":{"start":{"line":309,"column":28},"end":{"line":320,"column":1}}},"33":{"name":"(anonymous_33)","decl":{"start":{"line":310,"column":28},"end":{"line":310,"column":null}},"loc":{"start":{"line":310,"column":28},"end":{"line":319,"column":5}}},"34":{"name":"scrollTo","decl":{"start":{"line":322,"column":16},"end":{"line":322,"column":24}},"loc":{"start":{"line":322,"column":31},"end":{"line":331,"column":1}}},"35":{"name":"scrollToElement","decl":{"start":{"line":333,"column":16},"end":{"line":333,"column":31}},"loc":{"start":{"line":333,"column":49},"end":{"line":337,"column":1}}},"36":{"name":"scrollToPosition","decl":{"start":{"line":339,"column":16},"end":{"line":339,"column":32}},"loc":{"start":{"line":339,"column":52},"end":{"line":342,"column":1}}},"37":{"name":"getFirstChildDomInfo","decl":{"start":{"line":344,"column":16},"end":{"line":344,"column":36}},"loc":{"start":{"line":344,"column":63},"end":{"line":349,"column":1}}},"38":{"name":"addClsToFirstChild","decl":{"start":{"line":351,"column":16},"end":{"line":351,"column":34}},"loc":{"start":{"line":351,"column":53},"end":{"line":356,"column":1}}},"39":{"name":"removeClsFromFirstChild","decl":{"start":{"line":358,"column":16},"end":{"line":358,"column":39}},"loc":{"start":{"line":358,"column":58},"end":{"line":363,"column":1}}},"40":{"name":"addDomEventListenerToFirstChild","decl":{"start":{"line":365,"column":16},"end":{"line":365,"column":47}},"loc":{"start":{"line":365,"column":91},"end":{"line":371,"column":1}}},"41":{"name":"getAbsoluteTop","decl":{"start":{"line":373,"column":16},"end":{"line":373,"column":30}},"loc":{"start":{"line":373,"column":32},"end":{"line":379,"column":1}}},"42":{"name":"getAbsoluteLeft","decl":{"start":{"line":381,"column":16},"end":{"line":381,"column":31}},"loc":{"start":{"line":381,"column":33},"end":{"line":387,"column":1}}},"43":{"name":"addElementToBody","decl":{"start":{"line":389,"column":16},"end":{"line":389,"column":32}},"loc":{"start":{"line":389,"column":40},"end":{"line":391,"column":1}}},"44":{"name":"delElementFromBody","decl":{"start":{"line":393,"column":16},"end":{"line":393,"column":34}},"loc":{"start":{"line":393,"column":42},"end":{"line":395,"column":1}}},"45":{"name":"addElementTo","decl":{"start":{"line":397,"column":16},"end":{"line":397,"column":28}},"loc":{"start":{"line":397,"column":56},"end":{"line":402,"column":1}}},"46":{"name":"delElementFrom","decl":{"start":{"line":404,"column":16},"end":{"line":404,"column":30}},"loc":{"start":{"line":404,"column":58},"end":{"line":409,"column":1}}},"47":{"name":"getActiveElement","decl":{"start":{"line":411,"column":16},"end":{"line":411,"column":32}},"loc":{"start":{"line":411,"column":32},"end":{"line":415,"column":1}}},"48":{"name":"focusDialog","decl":{"start":{"line":417,"column":16},"end":{"line":417,"column":27}},"loc":{"start":{"line":417,"column":63},"end":{"line":430,"column":1}}},"49":{"name":"(anonymous_49)","decl":{"start":{"line":420,"column":19},"end":{"line":420,"column":22}},"loc":{"start":{"line":420,"column":24},"end":{"line":428,"column":9}}},"50":{"name":"getWindow","decl":{"start":{"line":432,"column":16},"end":{"line":432,"column":25}},"loc":{"start":{"line":432,"column":25},"end":{"line":439,"column":1}}},"51":{"name":"debounce","decl":{"start":{"line":441,"column":9},"end":{"line":441,"column":17}},"loc":{"start":{"line":441,"column":39},"end":{"line":454,"column":1}}},"52":{"name":"(anonymous_52)","decl":{"start":{"line":443,"column":11},"end":{"line":443,"column":14}},"loc":{"start":{"line":443,"column":16},"end":{"line":453,"column":5}}},"53":{"name":"(anonymous_53)","decl":{"start":{"line":445,"column":22},"end":{"line":445,"column":25}},"loc":{"start":{"line":445,"column":27},"end":{"line":448,"column":9}}},"54":{"name":"css","decl":{"start":{"line":456,"column":16},"end":{"line":456,"column":19}},"loc":{"start":{"line":456,"column":92},"end":{"line":466,"column":1}}},"55":{"name":"addCls","decl":{"start":{"line":468,"column":16},"end":{"line":468,"column":22}},"loc":{"start":{"line":468,"column":82},"end":{"line":476,"column":1}}},"56":{"name":"removeCls","decl":{"start":{"line":478,"column":16},"end":{"line":478,"column":25}},"loc":{"start":{"line":478,"column":85},"end":{"line":486,"column":1}}},"57":{"name":"elementScrollIntoView","decl":{"start":{"line":488,"column":16},"end":{"line":488,"column":37}},"loc":{"start":{"line":488,"column":64},"end":{"line":495,"column":1}}},"58":{"name":"(anonymous_58)","decl":{"start":{"line":499,"column":21},"end":{"line":499,"column":24}},"loc":{"start":{"line":499,"column":26},"end":{"line":503,"column":1}}},"59":{"name":"disableBodyScroll","decl":{"start":{"line":505,"column":16},"end":{"line":505,"column":33}},"loc":{"start":{"line":505,"column":33},"end":{"line":519,"column":1}}},"60":{"name":"(anonymous_60)","decl":{"start":{"line":508,"column":46},"end":{"line":508,"column":47}},"loc":{"start":{"line":508,"column":54},"end":{"line":510,"column":5}}},"61":{"name":"enableBodyScroll","decl":{"start":{"line":521,"column":16},"end":{"line":521,"column":32}},"loc":{"start":{"line":521,"column":32},"end":{"line":531,"column":1}}},"62":{"name":"destroyAllDialog","decl":{"start":{"line":533,"column":16},"end":{"line":533,"column":32}},"loc":{"start":{"line":533,"column":32},"end":{"line":536,"column":1}}},"63":{"name":"(anonymous_63)","decl":{"start":{"line":535,"column":17},"end":{"line":535,"column":18}},"loc":{"start":{"line":535,"column":22},"end":{"line":535,"column":61}}},"64":{"name":"createIconFromfontCN","decl":{"start":{"line":538,"column":16},"end":{"line":538,"column":36}},"loc":{"start":{"line":538,"column":46},"end":{"line":546,"column":1}}},"65":{"name":"getScroll","decl":{"start":{"line":548,"column":16},"end":{"line":548,"column":25}},"loc":{"start":{"line":548,"column":25},"end":{"line":550,"column":1}}},"66":{"name":"getInnerText","decl":{"start":{"line":552,"column":16},"end":{"line":552,"column":28}},"loc":{"start":{"line":552,"column":36},"end":{"line":555,"column":1}}},"67":{"name":"getMaxZIndex","decl":{"start":{"line":557,"column":16},"end":{"line":557,"column":28}},"loc":{"start":{"line":557,"column":28},"end":{"line":559,"column":1}}},"68":{"name":"(anonymous_68)","decl":{"start":{"line":558,"column":36},"end":{"line":558,"column":37}},"loc":{"start":{"line":558,"column":46},"end":{"line":558,"column":98}}},"69":{"name":"getStyle","decl":{"start":{"line":561,"column":16},"end":{"line":561,"column":24}},"loc":{"start":{"line":561,"column":43},"end":{"line":566,"column":1}}},"70":{"name":"getTextAreaInfo","decl":{"start":{"line":568,"column":16},"end":{"line":568,"column":31}},"loc":{"start":{"line":568,"column":39},"end":{"line":593,"column":1}}},"71":{"name":"registerResizeTextArea","decl":{"start":{"line":597,"column":16},"end":{"line":597,"column":38}},"loc":{"start":{"line":597,"column":78},"end":{"line":607,"column":1}}},"72":{"name":"(anonymous_72)","decl":{"start":{"line":603,"column":41},"end":{"line":603,"column":55}},"loc":{"start":{"line":603,"column":41},"end":{"line":603,"column":99}}},"73":{"name":"disposeResizeTextArea","decl":{"start":{"line":609,"column":16},"end":{"line":609,"column":37}},"loc":{"start":{"line":609,"column":45},"end":{"line":614,"column":1}}},"74":{"name":"resizeTextArea","decl":{"start":{"line":616,"column":16},"end":{"line":616,"column":30}},"loc":{"start":{"line":616,"column":56},"end":{"line":643,"column":1}}},"75":{"name":"disposeObj","decl":{"start":{"line":648,"column":16},"end":{"line":648,"column":26}},"loc":{"start":{"line":648,"column":43},"end":{"line":650,"column":1}}},"76":{"name":"getCursorXY","decl":{"start":{"line":656,"column":16},"end":{"line":656,"column":27}},"loc":{"start":{"line":656,"column":49},"end":{"line":663,"column":1}}},"77":{"name":"mentionsOnWindowClick","decl":{"start":{"line":665,"column":9},"end":{"line":665,"column":30}},"loc":{"start":{"line":665,"column":32},"end":{"line":672,"column":1}}},"78":{"name":"(anonymous_78)","decl":{"start":{"line":676,"column":9},"end":{"line":676,"column":25}},"loc":{"start":{"line":676,"column":9},"end":{"line":676,"column":27}}},"79":{"name":"(anonymous_79)","decl":{"start":{"line":676,"column":27},"end":{"line":676,"column":42}},"loc":{"start":{"line":676,"column":27},"end":{"line":676,"column":44}}},"80":{"name":"(anonymous_80)","decl":{"start":{"line":676,"column":44},"end":{"line":676,"column":62}},"loc":{"start":{"line":676,"column":44},"end":{"line":676,"column":93}}},"81":{"name":"bindTableHeaderAndBodyScroll","decl":{"start":{"line":678,"column":16},"end":{"line":678,"column":44}},"loc":{"start":{"line":678,"column":63},"end":{"line":683,"column":1}}},"82":{"name":"(anonymous_82)","decl":{"start":{"line":679,"column":37},"end":{"line":679,"column":40}},"loc":{"start":{"line":679,"column":42},"end":{"line":681,"column":5}}},"83":{"name":"unbindTableHeaderAndBodyScroll","decl":{"start":{"line":685,"column":16},"end":{"line":685,"column":46}},"loc":{"start":{"line":685,"column":54},"end":{"line":689,"column":1}}},"84":{"name":"preventKeys","decl":{"start":{"line":691,"column":9},"end":{"line":691,"column":20}},"loc":{"start":{"line":691,"column":38},"end":{"line":696,"column":1}}},"85":{"name":"addPreventKeys","decl":{"start":{"line":698,"column":16},"end":{"line":698,"column":30}},"loc":{"start":{"line":698,"column":59},"end":{"line":705,"column":1}}},"86":{"name":"(anonymous_86)","decl":{"start":{"line":701,"column":24},"end":{"line":701,"column":34}},"loc":{"start":{"line":701,"column":35},"end":{"line":701,"column":64}}},"87":{"name":"(anonymous_87)","decl":{"start":{"line":702,"column":48},"end":{"line":702,"column":49}},"loc":{"start":{"line":702,"column":55},"end":{"line":702,"column":75}}},"88":{"name":"removePreventKeys","decl":{"start":{"line":707,"column":16},"end":{"line":707,"column":33}},"loc":{"start":{"line":707,"column":46},"end":{"line":713,"column":1}}},"89":{"name":"preventKeyOnCondition","decl":{"start":{"line":715,"column":9},"end":{"line":715,"column":30}},"loc":{"start":{"line":715,"column":67},"end":{"line":720,"column":1}}},"90":{"name":"addPreventEnterOnOverlayVisible","decl":{"start":{"line":722,"column":16},"end":{"line":722,"column":47}},"loc":{"start":{"line":722,"column":71},"end":{"line":728,"column":1}}},"91":{"name":"(anonymous_91)","decl":{"start":{"line":725,"column":49},"end":{"line":725,"column":50}},"loc":{"start":{"line":725,"column":56},"end":{"line":725,"column":133}}},"92":{"name":"(anonymous_92)","decl":{"start":{"line":725,"column":90},"end":{"line":725,"column":93}},"loc":{"start":{"line":725,"column":96},"end":{"line":725,"column":132}}},"93":{"name":"removePreventEnterOnOverlayVisible","decl":{"start":{"line":730,"column":16},"end":{"line":730,"column":50}},"loc":{"start":{"line":730,"column":58},"end":{"line":736,"column":1}}},"94":{"name":"insertAdjacentHTML","decl":{"start":{"line":738,"column":16},"end":{"line":738,"column":34}},"loc":{"start":{"line":738,"column":57},"end":{"line":740,"column":1}}},"95":{"name":"getImageDimensions","decl":{"start":{"line":742,"column":16},"end":{"line":742,"column":34}},"loc":{"start":{"line":742,"column":46},"end":{"line":761,"column":1}}},"96":{"name":"(anonymous_96)","decl":{"start":{"line":743,"column":23},"end":{"line":743,"column":33}},"loc":{"start":{"line":743,"column":48},"end":{"line":760,"column":5}}},"97":{"name":"(anonymous_97)","decl":{"start":{"line":746,"column":21},"end":{"line":746,"column":null}},"loc":{"start":{"line":746,"column":21},"end":{"line":752,"column":9}}},"98":{"name":"(anonymous_98)","decl":{"start":{"line":753,"column":22},"end":{"line":753,"column":null}},"loc":{"start":{"line":753,"column":22},"end":{"line":759,"column":9}}},"99":{"name":"preventDefaultOnArrowUpDown","decl":{"start":{"line":763,"column":16},"end":{"line":763,"column":43}},"loc":{"start":{"line":763,"column":51},"end":{"line":770,"column":1}}},"100":{"name":"(anonymous_100)","decl":{"start":{"line":765,"column":36},"end":{"line":765,"column":46}},"loc":{"start":{"line":765,"column":62},"end":{"line":769,"column":5}}},"101":{"name":"observer","decl":{"start":{"line":772,"column":16},"end":{"line":772,"column":24}},"loc":{"start":{"line":772,"column":41},"end":{"line":782,"column":1}}},"102":{"name":"(anonymous_102)","decl":{"start":{"line":773,"column":47},"end":{"line":773,"column":54}},"loc":{"start":{"line":773,"column":57},"end":{"line":780,"column":5}}},"103":{"name":"getBoundingClientRects","decl":{"start":{"line":784,"column":16},"end":{"line":784,"column":38}},"loc":{"start":{"line":784,"column":47},"end":{"line":799,"column":1}}},"104":{"name":"getSize","decl":{"start":{"line":801,"column":16},"end":{"line":801,"column":23}},"loc":{"start":{"line":801,"column":50},"end":{"line":814,"column":1}}}},"branchMap":{"0":{"loc":{"start":{"line":2,"column":4},"end":{"line":9,"column":null}},"type":"if","locations":[{"start":{"line":2,"column":4},"end":{"line":9,"column":null}},{"start":{"line":2,"column":4},"end":{"line":9,"column":null}}]},"1":{"loc":{"start":{"line":4,"column":11},"end":{"line":9,"column":null}},"type":"if","locations":[{"start":{"line":4,"column":11},"end":{"line":9,"column":null}},{"start":{"line":4,"column":11},"end":{"line":9,"column":null}}]},"2":{"loc":{"start":{"line":5,"column":8},"end":{"line":7,"column":null}},"type":"if","locations":[{"start":{"line":5,"column":8},"end":{"line":7,"column":null}},{"start":{"line":5,"column":8},"end":{"line":7,"column":null}}]},"3":{"loc":{"start":{"line":13,"column":47},"end":{"line":13,"column":53}},"type":"default-arg","locations":[{"start":{"line":13,"column":47},"end":{"line":13,"column":53}}]},"4":{"loc":{"start":{"line":18,"column":4},"end":{"line":33,"column":null}},"type":"if","locations":[{"start":{"line":18,"column":4},"end":{"line":33,"column":null}},{"start":{"line":18,"column":4},"end":{"line":33,"column":null}}]},"5":{"loc":{"start":{"line":18,"column":8},"end":{"line":18,"column":17}},"type":"binary-expr","locations":[{"start":{"line":18,"column":8},"end":{"line":18,"column":17}},{"start":{"line":18,"column":21},"end":{"line":18,"column":52}}]},"6":{"loc":{"start":{"line":40,"column":26},"end":{"line":40,"column":39}},"type":"binary-expr","locations":[{"start":{"line":40,"column":26},"end":{"line":40,"column":39}},{"start":{"line":40,"column":43},"end":{"line":40,"column":44}}]},"7":{"loc":{"start":{"line":41,"column":27},"end":{"line":41,"column":41}},"type":"binary-expr","locations":[{"start":{"line":41,"column":27},"end":{"line":41,"column":41}},{"start":{"line":41,"column":45},"end":{"line":41,"column":46}}]},"8":{"loc":{"start":{"line":42,"column":29},"end":{"line":42,"column":45}},"type":"binary-expr","locations":[{"start":{"line":42,"column":29},"end":{"line":42,"column":45}},{"start":{"line":42,"column":49},"end":{"line":42,"column":50}}]},"9":{"loc":{"start":{"line":43,"column":28},"end":{"line":43,"column":43}},"type":"binary-expr","locations":[{"start":{"line":43,"column":28},"end":{"line":43,"column":43}},{"start":{"line":43,"column":47},"end":{"line":43,"column":48}}]},"10":{"loc":{"start":{"line":44,"column":27},"end":{"line":44,"column":41}},"type":"binary-expr","locations":[{"start":{"line":44,"column":27},"end":{"line":44,"column":41}},{"start":{"line":44,"column":45},"end":{"line":44,"column":46}}]},"11":{"loc":{"start":{"line":45,"column":26},"end":{"line":45,"column":39}},"type":"binary-expr","locations":[{"start":{"line":45,"column":26},"end":{"line":45,"column":39}},{"start":{"line":45,"column":43},"end":{"line":45,"column":44}}]},"12":{"loc":{"start":{"line":46,"column":26},"end":{"line":46,"column":39}},"type":"binary-expr","locations":[{"start":{"line":46,"column":26},"end":{"line":46,"column":39}},{"start":{"line":46,"column":43},"end":{"line":46,"column":44}}]},"13":{"loc":{"start":{"line":47,"column":27},"end":{"line":47,"column":41}},"type":"binary-expr","locations":[{"start":{"line":47,"column":27},"end":{"line":47,"column":41}},{"start":{"line":47,"column":45},"end":{"line":47,"column":46}}]},"14":{"loc":{"start":{"line":48,"column":29},"end":{"line":48,"column":45}},"type":"binary-expr","locations":[{"start":{"line":48,"column":29},"end":{"line":48,"column":45}},{"start":{"line":48,"column":49},"end":{"line":48,"column":50}}]},"15":{"loc":{"start":{"line":49,"column":28},"end":{"line":49,"column":43}},"type":"binary-expr","locations":[{"start":{"line":49,"column":28},"end":{"line":49,"column":43}},{"start":{"line":49,"column":47},"end":{"line":49,"column":48}}]},"16":{"loc":{"start":{"line":51,"column":28},"end":{"line":51,"column":60}},"type":"binary-expr","locations":[{"start":{"line":51,"column":28},"end":{"line":51,"column":60}},{"start":{"line":51,"column":64},"end":{"line":51,"column":65}}]},"17":{"loc":{"start":{"line":52,"column":29},"end":{"line":52,"column":62}},"type":"binary-expr","locations":[{"start":{"line":52,"column":29},"end":{"line":52,"column":62}},{"start":{"line":52,"column":66},"end":{"line":52,"column":67}}]},"18":{"loc":{"start":{"line":53,"column":29},"end":{"line":53,"column":62}},"type":"binary-expr","locations":[{"start":{"line":53,"column":29},"end":{"line":53,"column":62}},{"start":{"line":53,"column":66},"end":{"line":53,"column":67}}]},"19":{"loc":{"start":{"line":54,"column":28},"end":{"line":54,"column":60}},"type":"binary-expr","locations":[{"start":{"line":54,"column":28},"end":{"line":54,"column":60}},{"start":{"line":54,"column":64},"end":{"line":54,"column":65}}]},"20":{"loc":{"start":{"line":55,"column":29},"end":{"line":55,"column":62}},"type":"binary-expr","locations":[{"start":{"line":55,"column":29},"end":{"line":55,"column":62}},{"start":{"line":55,"column":66},"end":{"line":55,"column":67}}]},"21":{"loc":{"start":{"line":56,"column":28},"end":{"line":56,"column":60}},"type":"binary-expr","locations":[{"start":{"line":56,"column":28},"end":{"line":56,"column":60}},{"start":{"line":56,"column":64},"end":{"line":56,"column":65}}]},"22":{"loc":{"start":{"line":63,"column":4},"end":{"line":77,"column":null}},"type":"if","locations":[{"start":{"line":63,"column":4},"end":{"line":77,"column":null}},{"start":{"line":63,"column":4},"end":{"line":77,"column":null}}]},"23":{"loc":{"start":{"line":64,"column":8},"end":{"line":76,"column":null}},"type":"if","locations":[{"start":{"line":64,"column":8},"end":{"line":76,"column":null}},{"start":{"line":64,"column":8},"end":{"line":76,"column":null}}]},"24":{"loc":{"start":{"line":82,"column":4},"end":{"line":84,"column":null}},"type":"if","locations":[{"start":{"line":82,"column":4},"end":{"line":84,"column":null}},{"start":{"line":82,"column":4},"end":{"line":84,"column":null}}]},"25":{"loc":{"start":{"line":104,"column":4},"end":{"line":118,"column":null}},"type":"if","locations":[{"start":{"line":104,"column":4},"end":{"line":118,"column":null}},{"start":{"line":104,"column":4},"end":{"line":118,"column":null}}]},"26":{"loc":{"start":{"line":104,"column":8},"end":{"line":104,"column":21}},"type":"binary-expr","locations":[{"start":{"line":104,"column":8},"end":{"line":104,"column":21}},{"start":{"line":104,"column":25},"end":{"line":104,"column":49}}]},"27":{"loc":{"start":{"line":123,"column":4},"end":{"line":127,"column":null}},"type":"if","locations":[{"start":{"line":123,"column":4},"end":{"line":127,"column":null}},{"start":{"line":123,"column":4},"end":{"line":127,"column":null}}]},"28":{"loc":{"start":{"line":125,"column":11},"end":{"line":127,"column":null}},"type":"if","locations":[{"start":{"line":125,"column":11},"end":{"line":127,"column":null}},{"start":{"line":125,"column":11},"end":{"line":127,"column":null}}]},"29":{"loc":{"start":{"line":136,"column":4},"end":{"line":140,"column":null}},"type":"if","locations":[{"start":{"line":136,"column":4},"end":{"line":140,"column":null}},{"start":{"line":136,"column":4},"end":{"line":140,"column":null}}]},"30":{"loc":{"start":{"line":143,"column":8},"end":{"line":149,"column":null}},"type":"if","locations":[{"start":{"line":143,"column":8},"end":{"line":149,"column":null}},{"start":{"line":143,"column":8},"end":{"line":149,"column":null}}]},"31":{"loc":{"start":{"line":144,"column":12},"end":{"line":147,"column":null}},"type":"if","locations":[{"start":{"line":144,"column":12},"end":{"line":147,"column":null}},{"start":{"line":144,"column":12},"end":{"line":147,"column":null}}]},"32":{"loc":{"start":{"line":159,"column":4},"end":{"line":163,"column":null}},"type":"if","locations":[{"start":{"line":159,"column":4},"end":{"line":163,"column":null}},{"start":{"line":159,"column":4},"end":{"line":163,"column":null}}]},"33":{"loc":{"start":{"line":176,"column":4},"end":{"line":178,"column":null}},"type":"if","locations":[{"start":{"line":176,"column":4},"end":{"line":178,"column":null}},{"start":{"line":176,"column":4},"end":{"line":178,"column":null}}]},"34":{"loc":{"start":{"line":176,"column":8},"end":{"line":176,"column":11}},"type":"binary-expr","locations":[{"start":{"line":176,"column":8},"end":{"line":176,"column":11}},{"start":{"line":176,"column":15},"end":{"line":176,"column":40}}]},"35":{"loc":{"start":{"line":182,"column":68},"end":{"line":182,"column":74}},"type":"default-arg","locations":[{"start":{"line":182,"column":68},"end":{"line":182,"column":74}}]},"36":{"loc":{"start":{"line":184,"column":4},"end":{"line":199,"column":null}},"type":"if","locations":[{"start":{"line":184,"column":4},"end":{"line":199,"column":null}},{"start":{"line":184,"column":4},"end":{"line":199,"column":null}}]},"37":{"loc":{"start":{"line":185,"column":8},"end":{"line":198,"column":null}},"type":"if","locations":[{"start":{"line":185,"column":8},"end":{"line":198,"column":null}},{"start":{"line":185,"column":8},"end":{"line":198,"column":null}}]},"38":{"loc":{"start":{"line":207,"column":12},"end":{"line":209,"column":null}},"type":"if","locations":[{"start":{"line":207,"column":12},"end":{"line":209,"column":null}},{"start":{"line":207,"column":12},"end":{"line":209,"column":null}}]},"39":{"loc":{"start":{"line":212,"column":12},"end":{"line":212,"column":49}},"type":"if","locations":[{"start":{"line":212,"column":12},"end":{"line":212,"column":49}},{"start":{"line":212,"column":12},"end":{"line":212,"column":49}}]},"40":{"loc":{"start":{"line":213,"column":12},"end":{"line":213,"column":53}},"type":"if","locations":[{"start":{"line":213,"column":12},"end":{"line":213,"column":53}},{"start":{"line":213,"column":12},"end":{"line":213,"column":53}}]},"41":{"loc":{"start":{"line":217,"column":8},"end":{"line":219,"column":null}},"type":"if","locations":[{"start":{"line":217,"column":8},"end":{"line":219,"column":null}},{"start":{"line":217,"column":8},"end":{"line":219,"column":null}}]},"42":{"loc":{"start":{"line":221,"column":4},"end":{"line":235,"column":null}},"type":"if","locations":[{"start":{"line":221,"column":4},"end":{"line":235,"column":null}},{"start":{"line":221,"column":4},"end":{"line":235,"column":null}}]},"43":{"loc":{"start":{"line":222,"column":8},"end":{"line":226,"column":null}},"type":"if","locations":[{"start":{"line":222,"column":8},"end":{"line":226,"column":null}},{"start":{"line":222,"column":8},"end":{"line":226,"column":null}}]},"44":{"loc":{"start":{"line":230,"column":8},"end":{"line":234,"column":null}},"type":"if","locations":[{"start":{"line":230,"column":8},"end":{"line":234,"column":null}},{"start":{"line":230,"column":8},"end":{"line":234,"column":null}}]},"45":{"loc":{"start":{"line":257,"column":31},"end":{"line":257,"column":43}},"type":"cond-expr","locations":[{"start":{"line":257,"column":31},"end":{"line":257,"column":43}},{"start":{"line":257,"column":46},"end":{"line":257,"column":60}}]},"46":{"loc":{"start":{"line":266,"column":4},"end":{"line":269,"column":null}},"type":"if","locations":[{"start":{"line":266,"column":4},"end":{"line":269,"column":null}},{"start":{"line":266,"column":4},"end":{"line":269,"column":null}}]},"47":{"loc":{"start":{"line":277,"column":52},"end":{"line":277,"column":57}},"type":"default-arg","locations":[{"start":{"line":277,"column":52},"end":{"line":277,"column":57}}]},"48":{"loc":{"start":{"line":279,"column":4},"end":{"line":280,"column":63}},"type":"if","locations":[{"start":{"line":279,"column":4},"end":{"line":280,"column":63}},{"start":{"line":279,"column":4},"end":{"line":280,"column":63}}]},"49":{"loc":{"start":{"line":302,"column":4},"end":{"line":306,"column":null}},"type":"if","locations":[{"start":{"line":302,"column":4},"end":{"line":306,"column":null}},{"start":{"line":302,"column":4},"end":{"line":306,"column":null}}]},"50":{"loc":{"start":{"line":311,"column":23},"end":{"line":311,"column":57}},"type":"binary-expr","locations":[{"start":{"line":311,"column":23},"end":{"line":311,"column":57}},{"start":{"line":311,"column":61},"end":{"line":311,"column":84}}]},"51":{"loc":{"start":{"line":312,"column":48},"end":{"line":312,"column":70}},"type":"cond-expr","locations":[{"start":{"line":312,"column":48},"end":{"line":312,"column":70}},{"start":{"line":312,"column":73},"end":{"line":312,"column":95}}]},"52":{"loc":{"start":{"line":314,"column":8},"end":{"line":318,"column":null}},"type":"if","locations":[{"start":{"line":314,"column":8},"end":{"line":318,"column":null}},{"start":{"line":314,"column":8},"end":{"line":318,"column":null}}]},"53":{"loc":{"start":{"line":317,"column":56},"end":{"line":317,"column":72}},"type":"cond-expr","locations":[{"start":{"line":317,"column":56},"end":{"line":317,"column":72}},{"start":{"line":317,"column":75},"end":{"line":317,"column":91}}]},"54":{"loc":{"start":{"line":324,"column":4},"end":{"line":330,"column":null}},"type":"if","locations":[{"start":{"line":324,"column":4},"end":{"line":330,"column":null}},{"start":{"line":324,"column":4},"end":{"line":330,"column":null}}]},"55":{"loc":{"start":{"line":344,"column":57},"end":{"line":344,"column":63}},"type":"default-arg","locations":[{"start":{"line":344,"column":57},"end":{"line":344,"column":63}}]},"56":{"loc":{"start":{"line":346,"column":4},"end":{"line":347,"column":59}},"type":"if","locations":[{"start":{"line":346,"column":4},"end":{"line":347,"column":59}},{"start":{"line":346,"column":4},"end":{"line":347,"column":59}}]},"57":{"loc":{"start":{"line":353,"column":4},"end":{"line":355,"column":null}},"type":"if","locations":[{"start":{"line":353,"column":4},"end":{"line":355,"column":null}},{"start":{"line":353,"column":4},"end":{"line":355,"column":null}}]},"58":{"loc":{"start":{"line":360,"column":4},"end":{"line":362,"column":null}},"type":"if","locations":[{"start":{"line":360,"column":4},"end":{"line":362,"column":null}},{"start":{"line":360,"column":4},"end":{"line":362,"column":null}}]},"59":{"loc":{"start":{"line":368,"column":4},"end":{"line":370,"column":null}},"type":"if","locations":[{"start":{"line":368,"column":4},"end":{"line":370,"column":null}},{"start":{"line":368,"column":4},"end":{"line":370,"column":null}}]},"60":{"loc":{"start":{"line":375,"column":4},"end":{"line":377,"column":null}},"type":"if","locations":[{"start":{"line":375,"column":4},"end":{"line":377,"column":null}},{"start":{"line":375,"column":4},"end":{"line":377,"column":null}}]},"61":{"loc":{"start":{"line":383,"column":4},"end":{"line":385,"column":null}},"type":"if","locations":[{"start":{"line":383,"column":4},"end":{"line":385,"column":null}},{"start":{"line":383,"column":4},"end":{"line":385,"column":null}}]},"62":{"loc":{"start":{"line":399,"column":4},"end":{"line":401,"column":null}},"type":"if","locations":[{"start":{"line":399,"column":4},"end":{"line":401,"column":null}},{"start":{"line":399,"column":4},"end":{"line":401,"column":null}}]},"63":{"loc":{"start":{"line":399,"column":8},"end":{"line":399,"column":14}},"type":"binary-expr","locations":[{"start":{"line":399,"column":8},"end":{"line":399,"column":14}},{"start":{"line":399,"column":18},"end":{"line":399,"column":28}}]},"64":{"loc":{"start":{"line":406,"column":4},"end":{"line":408,"column":null}},"type":"if","locations":[{"start":{"line":406,"column":4},"end":{"line":408,"column":null}},{"start":{"line":406,"column":4},"end":{"line":408,"column":null}}]},"65":{"loc":{"start":{"line":406,"column":8},"end":{"line":406,"column":14}},"type":"binary-expr","locations":[{"start":{"line":406,"column":8},"end":{"line":406,"column":14}},{"start":{"line":406,"column":18},"end":{"line":406,"column":28}}]},"66":{"loc":{"start":{"line":413,"column":13},"end":{"line":413,"column":39}},"type":"binary-expr","locations":[{"start":{"line":413,"column":13},"end":{"line":413,"column":39}},{"start":{"line":413,"column":43},"end":{"line":413,"column":45}}]},"67":{"loc":{"start":{"line":417,"column":62},"end":{"line":417,"column":63}},"type":"default-arg","locations":[{"start":{"line":417,"column":62},"end":{"line":417,"column":63}}]},"68":{"loc":{"start":{"line":419,"column":4},"end":{"line":429,"column":null}},"type":"if","locations":[{"start":{"line":419,"column":4},"end":{"line":429,"column":null}},{"start":{"line":419,"column":4},"end":{"line":429,"column":null}}]},"69":{"loc":{"start":{"line":419,"column":8},"end":{"line":419,"column":11}},"type":"binary-expr","locations":[{"start":{"line":419,"column":8},"end":{"line":419,"column":11}},{"start":{"line":419,"column":15},"end":{"line":419,"column":44}}]},"70":{"loc":{"start":{"line":423,"column":12},"end":{"line":427,"column":null}},"type":"if","locations":[{"start":{"line":423,"column":12},"end":{"line":427,"column":null}},{"start":{"line":423,"column":12},"end":{"line":427,"column":null}}]},"71":{"loc":{"start":{"line":424,"column":16},"end":{"line":426,"column":null}},"type":"if","locations":[{"start":{"line":424,"column":16},"end":{"line":426,"column":null}},{"start":{"line":424,"column":16},"end":{"line":426,"column":null}}]},"72":{"loc":{"start":{"line":447,"column":12},"end":{"line":447,"column":51}},"type":"if","locations":[{"start":{"line":447,"column":12},"end":{"line":447,"column":51}},{"start":{"line":447,"column":12},"end":{"line":447,"column":51}}]},"73":{"loc":{"start":{"line":449,"column":24},"end":{"line":449,"column":33}},"type":"binary-expr","locations":[{"start":{"line":449,"column":24},"end":{"line":449,"column":33}},{"start":{"line":449,"column":37},"end":{"line":449,"column":45}}]},"74":{"loc":{"start":{"line":452,"column":8},"end":{"line":452,"column":47}},"type":"if","locations":[{"start":{"line":452,"column":8},"end":{"line":452,"column":47}},{"start":{"line":452,"column":8},"end":{"line":452,"column":47}}]},"75":{"loc":{"start":{"line":456,"column":88},"end":{"line":456,"column":92}},"type":"default-arg","locations":[{"start":{"line":456,"column":88},"end":{"line":456,"column":92}}]},"76":{"loc":{"start":{"line":457,"column":4},"end":{"line":465,"column":null}},"type":"if","locations":[{"start":{"line":457,"column":4},"end":{"line":465,"column":null}},{"start":{"line":457,"column":4},"end":{"line":465,"column":null}}]},"77":{"loc":{"start":{"line":461,"column":12},"end":{"line":463,"column":null}},"type":"if","locations":[{"start":{"line":461,"column":12},"end":{"line":463,"column":null}},{"start":{"line":461,"column":12},"end":{"line":463,"column":null}}]},"78":{"loc":{"start":{"line":471,"column":4},"end":{"line":475,"column":null}},"type":"if","locations":[{"start":{"line":471,"column":4},"end":{"line":475,"column":null}},{"start":{"line":471,"column":4},"end":{"line":475,"column":null}}]},"79":{"loc":{"start":{"line":481,"column":4},"end":{"line":485,"column":null}},"type":"if","locations":[{"start":{"line":481,"column":4},"end":{"line":485,"column":null}},{"start":{"line":481,"column":4},"end":{"line":485,"column":null}}]},"80":{"loc":{"start":{"line":491,"column":4},"end":{"line":492,"column":15}},"type":"if","locations":[{"start":{"line":491,"column":4},"end":{"line":492,"column":15}},{"start":{"line":491,"column":4},"end":{"line":492,"column":15}}]},"81":{"loc":{"start":{"line":501,"column":4},"end":{"line":501,"column":56}},"type":"if","locations":[{"start":{"line":501,"column":4},"end":{"line":501,"column":56}},{"start":{"line":501,"column":4},"end":{"line":501,"column":56}}]},"82":{"loc":{"start":{"line":501,"column":8},"end":{"line":501,"column":16}},"type":"binary-expr","locations":[{"start":{"line":501,"column":8},"end":{"line":501,"column":16}},{"start":{"line":501,"column":20},"end":{"line":501,"column":41}}]},"83":{"loc":{"start":{"line":502,"column":41},"end":{"line":502,"column":59}},"type":"binary-expr","locations":[{"start":{"line":502,"column":41},"end":{"line":502,"column":59}},{"start":{"line":502,"column":63},"end":{"line":502,"column":100}}]},"84":{"loc":{"start":{"line":515,"column":38},"end":{"line":515,"column":57}},"type":"cond-expr","locations":[{"start":{"line":515,"column":38},"end":{"line":515,"column":57}},{"start":{"line":515,"column":60},"end":{"line":515,"column":64}}]},"85":{"loc":{"start":{"line":522,"column":54},"end":{"line":522,"column":77}},"type":"cond-expr","locations":[{"start":{"line":522,"column":54},"end":{"line":522,"column":77}},{"start":{"line":522,"column":80},"end":{"line":522,"column":82}}]},"86":{"loc":{"start":{"line":526,"column":48},"end":{"line":526,"column":52}},"type":"cond-expr","locations":[{"start":{"line":526,"column":48},"end":{"line":526,"column":52}},{"start":{"line":526,"column":52},"end":{"line":526,"column":56}}]},"87":{"loc":{"start":{"line":526,"column":24},"end":{"line":526,"column":52}},"type":"binary-expr","locations":[{"start":{"line":526,"column":24},"end":{"line":526,"column":52}},{"start":{"line":526,"column":48},"end":{"line":526,"column":52}}]},"88":{"loc":{"start":{"line":527,"column":42},"end":{"line":527,"column":46}},"type":"cond-expr","locations":[{"start":{"line":527,"column":42},"end":{"line":527,"column":46}},{"start":{"line":527,"column":46},"end":{"line":527,"column":50}}]},"89":{"loc":{"start":{"line":527,"column":21},"end":{"line":527,"column":46}},"type":"binary-expr","locations":[{"start":{"line":527,"column":21},"end":{"line":527,"column":46}},{"start":{"line":527,"column":42},"end":{"line":527,"column":46}}]},"90":{"loc":{"start":{"line":528,"column":48},"end":{"line":528,"column":52}},"type":"cond-expr","locations":[{"start":{"line":528,"column":48},"end":{"line":528,"column":52}},{"start":{"line":528,"column":52},"end":{"line":528,"column":56}}]},"91":{"loc":{"start":{"line":528,"column":24},"end":{"line":528,"column":52}},"type":"binary-expr","locations":[{"start":{"line":528,"column":24},"end":{"line":528,"column":52}},{"start":{"line":528,"column":48},"end":{"line":528,"column":52}}]},"92":{"loc":{"start":{"line":539,"column":4},"end":{"line":541,"column":null}},"type":"if","locations":[{"start":{"line":539,"column":4},"end":{"line":541,"column":null}},{"start":{"line":539,"column":4},"end":{"line":541,"column":null}}]},"93":{"loc":{"start":{"line":558,"column":58},"end":{"line":558,"column":92}},"type":"binary-expr","locations":[{"start":{"line":558,"column":58},"end":{"line":558,"column":92}},{"start":{"line":558,"column":96},"end":{"line":558,"column":97}}]},"94":{"loc":{"start":{"line":562,"column":4},"end":{"line":565,"column":96}},"type":"if","locations":[{"start":{"line":562,"column":4},"end":{"line":565,"column":96}},{"start":{"line":562,"column":4},"end":{"line":565,"column":96}}]},"95":{"loc":{"start":{"line":564,"column":9},"end":{"line":565,"column":96}},"type":"if","locations":[{"start":{"line":564,"column":9},"end":{"line":565,"column":96}},{"start":{"line":564,"column":9},"end":{"line":565,"column":96}}]},"96":{"loc":{"start":{"line":571,"column":29},"end":{"line":571,"column":45}},"type":"binary-expr","locations":[{"start":{"line":571,"column":29},"end":{"line":571,"column":45}},{"start":{"line":571,"column":49},"end":{"line":571,"column":50}}]},"97":{"loc":{"start":{"line":573,"column":4},"end":{"line":586,"column":null}},"type":"if","locations":[{"start":{"line":573,"column":4},"end":{"line":586,"column":null}},{"start":{"line":573,"column":4},"end":{"line":586,"column":null}}]},"98":{"loc":{"start":{"line":580,"column":9},"end":{"line":586,"column":null}},"type":"if","locations":[{"start":{"line":580,"column":9},"end":{"line":586,"column":null}},{"start":{"line":580,"column":9},"end":{"line":586,"column":null}}]},"99":{"loc":{"start":{"line":588,"column":4},"end":{"line":589,"column":32}},"type":"if","locations":[{"start":{"line":588,"column":4},"end":{"line":589,"column":32}},{"start":{"line":588,"column":4},"end":{"line":589,"column":32}}]},"100":{"loc":{"start":{"line":590,"column":4},"end":{"line":591,"column":35}},"type":"if","locations":[{"start":{"line":590,"column":4},"end":{"line":591,"column":35}},{"start":{"line":590,"column":4},"end":{"line":591,"column":35}}]},"101":{"loc":{"start":{"line":598,"column":4},"end":{"line":606,"column":null}},"type":"if","locations":[{"start":{"line":598,"column":4},"end":{"line":606,"column":null}},{"start":{"line":598,"column":4},"end":{"line":606,"column":null}}]},"102":{"loc":{"start":{"line":627,"column":4},"end":{"line":638,"column":null}},"type":"if","locations":[{"start":{"line":627,"column":4},"end":{"line":638,"column":null}},{"start":{"line":627,"column":4},"end":{"line":638,"column":null}}]},"103":{"loc":{"start":{"line":639,"column":4},"end":{"line":642,"column":null}},"type":"if","locations":[{"start":{"line":639,"column":4},"end":{"line":642,"column":null}},{"start":{"line":639,"column":4},"end":{"line":642,"column":null}}]},"104":{"loc":{"start":{"line":667,"column":4},"end":{"line":671,"column":null}},"type":"if","locations":[{"start":{"line":667,"column":4},"end":{"line":671,"column":null}},{"start":{"line":667,"column":4},"end":{"line":671,"column":null}}]},"105":{"loc":{"start":{"line":686,"column":4},"end":{"line":688,"column":null}},"type":"if","locations":[{"start":{"line":686,"column":4},"end":{"line":688,"column":null}},{"start":{"line":686,"column":4},"end":{"line":688,"column":null}}]},"106":{"loc":{"start":{"line":692,"column":4},"end":{"line":695,"column":null}},"type":"if","locations":[{"start":{"line":692,"column":4},"end":{"line":695,"column":null}},{"start":{"line":692,"column":4},"end":{"line":695,"column":null}}]},"107":{"loc":{"start":{"line":699,"column":4},"end":{"line":704,"column":null}},"type":"if","locations":[{"start":{"line":699,"column":4},"end":{"line":704,"column":null}},{"start":{"line":699,"column":4},"end":{"line":704,"column":null}}]},"108":{"loc":{"start":{"line":708,"column":4},"end":{"line":712,"column":null}},"type":"if","locations":[{"start":{"line":708,"column":4},"end":{"line":712,"column":null}},{"start":{"line":708,"column":4},"end":{"line":712,"column":null}}]},"109":{"loc":{"start":{"line":716,"column":4},"end":{"line":719,"column":null}},"type":"if","locations":[{"start":{"line":716,"column":4},"end":{"line":719,"column":null}},{"start":{"line":716,"column":4},"e
[...]
tart":{"line":101,"column":8},"end":{"line":104,"column":10}},"43":{"start":{"line":106,"column":8},"end":{"line":110,"column":10}},"44":{"start":{"line":112,"column":8},"end":{"line":112,"column":null}},"45":{"start":{"line":113,"column":8},"end":{"line":113,"column":20}},"46":{"start":{"line":63,"column":8},"end":{"line":63,"column":34}},"47":{"start":{"line":64,"column":8},"end":{"line":64,"column":27}},"48":{"start":{"line":119,"column":4},"end":{"line":119,"column":46}},"49":{"start":{"line":122,"column":0},"end":{"line":122,"column":25}}},"fnMap":{"0":{"name":"(anonymous_0)","decl":{"start":{"line":6,"column":4},"end":{"line":6,"column":16}},"loc":{"start":{"line":6,"column":23},"end":{"line":8,"column":5}}},"1":{"name":"(anonymous_1)","decl":{"start":{"line":10,"column":13},"end":{"line":10,"column":null}},"loc":{"start":{"line":10,"column":13},"end":{"line":12,"column":5}}},"2":{"name":"(anonymous_2)","decl":{"start":{"line":14,"column":18},"end":{"line":14,"column":28}},"loc":{"start":{"line":14,"column":31},"end":{"line":36,"column":5}}},"3":{"name":"(anonymous_3)","decl":{"start":{"line":18,"column":17},"end":{"line":18,"column":27}},"loc":{"start":{"line":18,"column":32},"end":{"line":24,"column":9}}},"4":{"name":"(anonymous_4)","decl":{"start":{"line":38,"column":16},"end":{"line":38,"column":26}},"loc":{"start":{"line":38,"column":36},"end":{"line":55,"column":5}}},"5":{"name":"(anonymous_5)","decl":{"start":{"line":62,"column":4},"end":{"line":62,"column":16}},"loc":{"start":{"line":62,"column":23},"end":{"line":65,"column":5}}},"6":{"name":"(anonymous_6)","decl":{"start":{"line":67,"column":13},"end":{"line":67,"column":23}},"loc":{"start":{"line":67,"column":27},"end":{"line":76,"column":5}}},"7":{"name":"(anonymous_7)","decl":{"start":{"line":78,"column":16},"end":{"line":78,"column":null}},"loc":{"start":{"line":78,"column":16},"end":{"line":94,"column":5}}},"8":{"name":"(anonymous_8)","decl":{"start":{"line":89,"column":30},"end":{"line":89,"column":31}},"loc":{"start":{"line":89,"column":36},"end":{"line":91,"column":9}}},"9":{"name":"(anonymous_9)","decl":{"start":{"line":96,"column":11},"end":{"line":96,"column":null}},"loc":{"start":{"line":96,"column":11},"end":{"line":114,"column":5}}},"10":{"name":"getOffset","decl":{"start":{"line":118,"column":9},"end":{"line":118,"column":18}},"loc":{"start":{"line":118,"column":23},"end":{"line":120,"column":1}}}},"branchMap":{"0":{"loc":{"start":{"line":20,"column":12},"end":{"line":22,"column":null}},"type":"if","locations":[{"start":{"line":20,"column":12},"end":{"line":22,"column":null}},{"start":{"line":20,"column":12},"end":{"line":22,"column":null}}]},"1":{"loc":{"start":{"line":25,"column":8},"end":{"line":27,"column":null}},"type":"if","locations":[{"start":{"line":25,"column":8},"end":{"line":27,"column":null}},{"start":{"line":25,"column":8},"end":{"line":27,"column":null}}]},"2":{"loc":{"start":{"line":38,"column":32},"end":{"line":38,"column":36}},"type":"default-arg","locations":[{"start":{"line":38,"column":32},"end":{"line":38,"column":36}}]}},"s":{"0":0,"1":0,"2":0,"3":0,"4":0,"5":0,"6":0,"7":0,"8":0,"9":0,"10":0,"11":0,"12":0,"13":0,"14":0,"15":0,"16":0,"17":0,"18":0,"19":0,"20":0,"21":0,"22":0,"23":0,"24":0,"25":0,"26":0,"27":0,"28":0,"29":0,"30":0,"31":0,"32":0,"33":0,"34":0,"35":0,"36":0,"37":0,"38":0,"39":0,"40":0,"41":0,"42":0,"43":0,"44":0,"45":0,"46":0,"47":0,"48":0,"49":1},"f":{"0":0,"1":0,"2":0,"3":0,"4":0,"5":0,"6":0,"7":0,"8":0,"9":0,"10":0},"b":{"0":[0,0],"1":[0,0],"2":[0]}}
,"D:\\Project\\MASA.Blazor\\src\\BlazorComponent\\src\\Component\\BlazorComponent.JS\\src\\modules\\dragHelper.ts": {"path":"D:\\Project\\MASA.Blazor\\src\\BlazorComponent\\src\\Component\\BlazorComponent.JS\\src\\modules\\dragHelper.ts","statementMap":{"0":{"start":{"line":2,"column":17},"end":{"line":22,"column":1}},"1":{"start":{"line":4,"column":16},"end":{"line":4,"column":25}},"2":{"start":{"line":5,"column":4},"end":{"line":21,"column":6}},"3":{"start":{"line":6,"column":22},"end":{"line":6,"column":26}},"4":{"start":{"line":6,"column":38},"end":{"line":6,"column":53}},"5":{"start":{"line":8,"column":8},"end":{"line":8,"column":37}},"6":{"start":{"line":9,"column":8},"end":{"line":20,"column":null}},"7":{"start":{"line":11,"column":12},"end":{"line":11,"column":36}},"8":{"start":{"line":12,"column":12},"end":{"line":12,"column":28}},"9":{"start":{"line":16,"column":12},"end":{"line":19,"column":26}},"10":{"start":{"line":18,"column":16},"end":{"line":18,"column":37}},"11":{"start":{"line":24,"column":17},"end":{"line":24,"column":48}},"12":{"start":{"line":26,"column":23},"end":{"line":28,"column":null}},"13":{"start":{"line":32,"column":12},"end":{"line":32,"column":42}},"14":{"start":{"line":33,"column":12},"end":{"line":33,"column":43}},"15":{"start":{"line":34,"column":12},"end":{"line":34,"column":33}},"16":{"start":{"line":35,"column":12},"end":{"line":35,"column":31}},"17":{"start":{"line":36,"column":12},"end":{"line":36,"column":37}},"18":{"start":{"line":37,"column":12},"end":{"line":37,"column":34}},"19":{"start":{"line":62,"column":4},"end":{"line":89,"column":null}},"20":{"start":{"line":63,"column":22},"end":{"line":63,"column":33}},"21":{"start":{"line":64,"column":8},"end":{"line":64,"column":30}},"22":{"start":{"line":65,"column":8},"end":{"line":65,"column":29}},"23":{"start":{"line":66,"column":8},"end":{"line":66,"column":29}},"24":{"start":{"line":67,"column":8},"end":{"line":67,"column":52}},"25":{"start":{"line":68,"column":30},"end":{"line":68,"column":52}},"26":{"start":{"line":70,"column":8},"end":{"line":85,"column":null}},"27":{"start":{"line":72,"column":12},"end":{"line":73,"column":51}},"28":{"start":{"line":74,"column":12},"end":{"line":75,"column":50}},"29":{"start":{"line":77,"column":12},"end":{"line":77,"column":53}},"30":{"start":{"line":78,"column":12},"end":{"line":78,"column":51}},"31":{"start":{"line":80,"column":12},"end":{"line":82,"column":null}},"32":{"start":{"line":81,"column":16},"end":{"line":81,"column":68}},"33":{"start":{"line":84,"column":12},"end":{"line":84,"column":34}},"34":{"start":{"line":87,"column":8},"end":{"line":87,"column":31}},"35":{"start":{"line":88,"column":8},"end":{"line":88,"column":30}},"36":{"start":{"line":91,"column":4},"end":{"line":99,"column":null}},"37":{"start":{"line":92,"column":22},"end":{"line":92,"column":33}},"38":{"start":{"line":94,"column":8},"end":{"line":94,"column":31}},"39":{"start":{"line":96,"column":30},"end":{"line":96,"column":52}},"40":{"start":{"line":97,"column":8},"end":{"line":97,"column":31}},"41":{"start":{"line":98,"column":8},"end":{"line":98,"column":30}},"42":{"start":{"line":101,"column":4},"end":{"line":131,"column":22}},"43":{"start":{"line":102,"column":22},"end":{"line":102,"column":33}},"44":{"start":{"line":103,"column":8},"end":{"line":130,"column":null}},"45":{"start":{"line":104,"column":23},"end":{"line":104,"column":32}},"46":{"start":{"line":105,"column":23},"end":{"line":105,"column":32}},"47":{"start":{"line":106,"column":23},"end":{"line":106,"column":38}},"48":{"start":{"line":107,"column":23},"end":{"line":107,"column":38}},"49":{"start":{"line":109,"column":26},"end":{"line":109,"column":48}},"50":{"start":{"line":110,"column":26},"end":{"line":110,"column":48}},"51":{"start":{"line":111,"column":12},"end":{"line":124,"column":null}},"52":{"start":{"line":112,"column":16},"end":{"line":117,"column":null}},"53":{"start":{"line":113,"column":20},"end":{"line":113,"column":32}},"54":{"start":{"line":115,"column":21},"end":{"line":117,"column":null}},"55":{"start":{"line":116,"column":20},"end":{"line":116,"column":44}},"56":{"start":{"line":118,"column":16},"end":{"line":123,"column":null}},"57":{"start":{"line":119,"column":20},"end":{"line":119,"column":32}},"58":{"start":{"line":121,"column":21},"end":{"line":123,"column":null}},"59":{"start":{"line":122,"column":20},"end":{"line":122,"column":44}},"60":{"start":{"line":125,"column":12},"end":{"line":125,"column":56}},"61":{"start":{"line":126,"column":12},"end":{"line":126,"column":47}},"62":{"start":{"line":127,"column":12},"end":{"line":127,"column":54}},"63":{"start":{"line":128,"column":12},"end":{"line":128,"column":56}},"64":{"start":{"line":129,"column":12},"end":{"line":129,"column":55}},"65":{"start":{"line":133,"column":4},"end":{"line":150,"column":22}},"66":{"start":{"line":134,"column":22},"end":{"line":134,"column":33}},"67":{"start":{"line":136,"column":8},"end":{"line":137,"column":47}},"68":{"start":{"line":138,"column":8},"end":{"line":139,"column":46}},"69":{"start":{"line":140,"column":8},"end":{"line":140,"column":62}},"70":{"start":{"line":141,"column":8},"end":{"line":141,"column":63}},"71":{"start":{"line":142,"column":8},"end":{"line":146,"column":null}},"72":{"start":{"line":143,"column":12},"end":{"line":145,"column":null}},"73":{"start":{"line":144,"column":16},"end":{"line":144,"column":65}},"74":{"start":{"line":147,"column":8},"end":{"line":149,"column":null}},"75":{"start":{"line":148,"column":12},"end":{"line":148,"column":62}},"76":{"start":{"line":40,"column":8},"end":{"line":40,"column":34}},"77":{"start":{"line":41,"column":8},"end":{"line":41,"column":36}},"78":{"start":{"line":42,"column":8},"end":{"line":44,"column":11}},"79":{"start":{"line":45,"column":8},"end":{"line":51,"column":null}},"80":{"start":{"line":55,"column":21},"end":{"line":55,"column":60}},"81":{"start":{"line":56,"column":8},"end":{"line":59,"column":null}},"82":{"start":{"line":153,"column":25},"end":{"line":153,"column":39}},"83":{"start":{"line":154,"column":24},"end":{"line":154,"column":37}},"84":{"start":{"line":156,"column":8},"end":{"line":156,"column":72}},"85":{"start":{"line":157,"column":8},"end":{"line":157,"column":66}},"86":{"start":{"line":158,"column":8},"end":{"line":158,"column":65}},"87":{"start":{"line":159,"column":8},"end":{"line":161,"column":null}},"88":{"start":{"line":160,"column":12},"end":{"line":160,"column":68}},"89":{"start":{"line":165,"column":25},"end":{"line":165,"column":39}},"90":{"start":{"line":167,"column":8},"end":{"line":167,"column":75}},"91":{"start":{"line":168,"column":8},"end":{"line":168,"column":69}},"92":{"start":{"line":169,"column":8},"end":{"line":169,"column":68}},"93":{"start":{"line":170,"column":8},"end":{"line":172,"column":null}},"94":{"start":{"line":171,"column":12},"end":{"line":171,"column":71}},"95":{"start":{"line":176,"column":8},"end":{"line":179,"column":null}},"96":{"start":{"line":177,"column":12},"end":{"line":177,"column":33}},"97":{"start":{"line":178,"column":12},"end":{"line":178,"column":63}},"98":{"start":{"line":184,"column":18},"end":{"line":184,"column":40}},"99":{"start":{"line":185,"column":4},"end":{"line":188,"column":null}},"100":{"start":{"line":186,"column":8},"end":{"line":186,"column":67}},"101":{"start":{"line":187,"column":8},"end":{"line":187,"column":40}},"102":{"start":{"line":189,"column":4},"end":{"line":189,"column":23}},"103":{"start":{"line":206,"column":9},"end":{"line":206,"column":24}},"104":{"start":{"line":193,"column":20},"end":{"line":193,"column":42}},"105":{"start":{"line":194,"column":4},"end":{"line":196,"column":null}},"106":{"start":{"line":195,"column":8},"end":{"line":195,"column":29}},"107":{"start":{"line":206,"column":26},"end":{"line":206,"column":42}},"108":{"start":{"line":200,"column":20},"end":{"line":200,"column":42}},"109":{"start":{"line":201,"column":4},"end":{"line":203,"column":null}},"110":{"start":{"line":202,"column":8},"end":{"line":202,"column":38}},"111":{"start":{"line":206,"column":44},"end":{"line":206,"column":62}}},"fnMap":{"0":{"name":"(anonymous_0)","decl":{"start":{"line":2,"column":17},"end":{"line":2,"column":18}},"loc":{"start":{"line":2,"column":41},"end":{"line":22,"column":1}}},"1":{"name":"(anonymous_1)","decl":{"start":{"line":5,"column":11},"end":{"line":5,"column":21}},"loc":{"start":{"line":5,"column":28},"end":{"line":21,"column":5}}},"2":{"name":"(anonymous_2)","decl":{"start":{"line":16,"column":40},"end":{"line":16,"column":43}},"loc":{"start":{"line":16,"column":45},"end":{"line":19,"column":13}}},"3":{"name":"(anonymous_3)","decl":{"start":{"line":39,"column":4},"end":{"line":39,"column":16}},"loc":{"start":{"line":39,"column":86},"end":{"line":52,"column":5}}},"4":{"name":"(anonymous_4)","decl":{"start":{"line":62,"column":18},"end":{"line":62,"column":19}},"loc":{"start":{"line":62,"column":24},"end":{"line":89,"column":5}}},"5":{"name":"(anonymous_5)","decl":{"start":{"line":91,"column":16},"end":{"line":91,"column":17}},"loc":{"start":{"line":91,"column":22},"end":{"line":99,"column":5}}},"6":{"name":"(anonymous_6)","decl":{"start":{"line":101,"column":27},"end":{"line":101,"column":28}},"loc":{"start":{"line":101,"column":33},"end":{"line":131,"column":5}}},"7":{"name":"(anonymous_7)","decl":{"start":{"line":133,"column":24},"end":{"line":133,"column":25}},"loc":{"start":{"line":133,"column":30},"end":{"line":150,"column":5}}},"8":{"name":"(anonymous_8)","decl":{"start":{"line":54,"column":4},"end":{"line":54,"column":19}},"loc":{"start":{"line":54,"column":19},"end":{"line":60,"column":5}}},"9":{"name":"(anonymous_9)","decl":{"start":{"line":152,"column":4},"end":{"line":152,"column":12}},"loc":{"start":{"line":152,"column":12},"end":{"line":162,"column":5}}},"10":{"name":"(anonymous_10)","decl":{"start":{"line":164,"column":4},"end":{"line":164,"column":14}},"loc":{"start":{"line":164,"column":14},"end":{"line":173,"column":5}}},"11":{"name":"(anonymous_11)","decl":{"start":{"line":175,"column":4},"end":{"line":175,"column":23}},"loc":{"start":{"line":175,"column":23},"end":{"line":180,"column":5}}},"12":{"name":"enableDraggable","decl":{"start":{"line":183,"column":9},"end":{"line":183,"column":24}},"loc":{"start":{"line":183,"column":102},"end":{"line":190,"column":1}}},"13":{"name":"disableDraggable","decl":{"start":{"line":192,"column":9},"end":{"line":192,"column":25}},"loc":{"start":{"line":192,"column":47},"end":{"line":197,"column":1}}},"14":{"name":"resetModalPosition","decl":{"start":{"line":199,"column":9},"end":{"line":199,"column":27}},"loc":{"start":{"line":199,"column":49},"end":{"line":204,"column":1}}}},"branchMap":{"0":{"loc":{"start":{"line":2,"column":34},"end":{"line":2,"column":37}},"type":"default-arg","locations":[{"start":{"line":2,"column":34},"end":{"line":2,"column":37}}]},"1":{"loc":{"start":{"line":9,"column":8},"end":{"line":20,"column":null}},"type":"if","locations":[{"start":{"line":9,"column":8},"end":{"line":20,"column":null}},{"start":{"line":9,"column":8},"end":{"line":20,"column":null}}]},"2":{"loc":{"start":{"line":70,"column":8},"end":{"line":85,"column":null}},"type":"if","locations":[{"start":{"line":70,"column":8},"end":{"line":85,"column":null}},{"start":{"line":70,"column":8},"end":{"line":85,"column":null}}]},"3":{"loc":{"start":{"line":80,"column":12},"end":{"line":82,"column":null}},"type":"if","locations":[{"start":{"line":80,"column":12},"end":{"line":82,"column":null}},{"start":{"line":80,"column":12},"end":{"line":82,"column":null}}]},"4":{"loc":{"start":{"line":103,"column":8},"end":{"line":130,"column":null}},"type":"if","locations":[{"start":{"line":103,"column":8},"end":{"line":130,"column":null}},{"start":{"line":103,"column":8},"end":{"line":130,"column":null}}]},"5":{"loc":{"start":{"line":111,"column":12},"end":{"line":124,"column":null}},"type":"if","locations":[{"start":{"line":111,"column":12},"end":{"line":124,"column":null}},{"start":{"line":111,"column":12},"end":{"line":124,"column":null}}]},"6":{"loc":{"start":{"line":112,"column":16},"end":{"line":117,"column":null}},"type":"if","locations":[{"start":{"line":112,"column":16},"end":{"line":117,"column":null}},{"start":{"line":112,"column":16},"end":{"line":117,"column":null}}]},"7":{"loc":{"start":{"line":115,"column":21},"end":{"line":117,"column":null}},"type":"if","locations":[{"start":{"line":115,"column":21},"end":{"line":117,"column":null}},{"start":{"line":115,"column":21},"end":{"line":117,"column":null}}]},"8":{"loc":{"start":{"line":118,"column":16},"end":{"line":123,"column":null}},"type":"if","locations":[{"start":{"line":118,"column":16},"end":{"line":123,"column":null}},{"start":{"line":118,"column":16},"end":{"line":123,"column":null}}]},"9":{"loc":{"start":{"line":121,"column":21},"end":{"line":123,"column":null}},"type":"if","locations":[{"start":{"line":121,"column":21},"end":{"line":123,"column":null}},{"start":{"line":121,"column":21},"end":{"line":123,"column":null}}]},"10":{"loc":{"start":{"line":142,"column":8},"end":{"line":146,"column":null}},"type":"if","locations":[{"start":{"line":142,"column":8},"end":{"line":146,"column":null}},{"start":{"line":142,"column":8},"end":{"line":146,"column":null}}]},"11":{"loc":{"start":{"line":143,"column":12},"end":{"line":145,"column":null}},"type":"if","locations":[{"start":{"line":143,"column":12},"end":{"line":145,"column":null}},{"start":{"line":143,"column":12},"end":{"line":145,"column":null}}]},"12":{"loc":{"start":{"line":147,"column":8},"end":{"line":149,"column":null}},"type":"if","locations":[{"start":{"line":147,"column":8},"end":{"line":149,"column":null}},{"start":{"line":147,"column":8},"end":{"line":149,"column":null}}]},"13":{"loc":{"start":{"line":159,"column":8},"end":{"line":161,"column":null}},"type":"if","locations":[{"start":{"line":159,"column":8},"end":{"line":161,"column":null}},{"start":{"line":159,"column":8},"end":{"line":161,"column":null}}]},"14":{"loc":{"start":{"line":170,"column":8},"end":{"line":172,"column":null}},"type":"if","locations":[{"start":{"line":170,"column":8},"end":{"line":172,"column":null}},{"start":{"line":170,"column":8},"end":{"line":172,"column":null}}]},"15":{"loc":{"start":{"line":176,"column":8},"end":{"line":179,"column":null}},"type":"if","locations":[{"start":{"line":176,"column":8},"end":{"line":179,"column":null}},{"start":{"line":176,"column":8},"end":{"line":179,"column":null}}]},"16":{"loc":{"start":{"line":183,"column":98},"end":{"line":183,"column":102}},"type":"default-arg","locations":[{"start":{"line":183,"column":98},"end":{"line":183,"column":102}}]},"17":{"loc":{"start":{"line":185,"column":4},"end":{"line":188,"column":null}},"type":"if","locations":[{"start":{"line":185,"column":4},"end":{"line":188,"column":null}},{"start":{"line":185,"column":4},"end":{"line":188,"column":null}}]},"18":{"loc":{"start":{"line":194,"column":4},"end":{"line":196,"column":null}},"type":"if","locations":[{"start":{"line":194,"column":4},"end":{"line":196,"column":null}},{"start":{"line":194,"column":4},"end":{"line":196,"column":null}}]},"19":{"loc":{"start":{"line":201,"column":4},"end":{"line":203,"column":null}},"type":"if","locations":[{"start":{"line":201,"column":4},"end":{"line":203,"column":null}},{"start":{"line":201,"column":4},"end":{"line":203,"column":null}}]}},"s":{"0":1,"1":0,"2":0,"3":0,"4":0,"5":0,"6":0,"7":0,"8":0,"9":0,"10":0,"11":1,"12":1,"13":0,"14":0,"15":0,"16":0,"17":0,"18":0,"19":0,"20":0,"21":0,"22":0,"23":0,"24":0,"25":0,"26":0,"27":0,"28":0,"29":0,"30":0,"31":0,"32":0,"33":0,"34":0,"35":0,"36":0,"37":0,"38":0,"39":0,"40":0,"41":0,"42":0,"43":0,"44":0,"45":0,"46":0,"47":0,"48":0,"49":0,"50":0,"51":0,"52":0,"53":0,"54":0,"55":0,"56":0,"57":0,"58":0,"59":0,"60":0,"61":0,"62":0,"63":0,"64":0,"65":0,"66":0,"67":0,"68":0,"69":0,"70":0,"71":0,"72":0,"73":0,"74":0,"75":0,"76":0,"77":0,"78":0,"79":0,"80":0,"81":0,"82":0,"83":0,"84":0,"85":0,"86":0,"87":0,"88":0,"89":0,"90":0,"91":0,"92":0,"93":0,"94":0,"95":0,"96":0,"97":0,"98":0,"99":0,"100":0,"101":0,"102":0,"103":1,"104":0,"105":0,"106":0,"107":1,"108":0,"109":0,"110":0,"111":1},"f":{"0":0,"1":0,"2":0,"3":0,"4":0,"5":0,"6":0,"7":0,"8":0,"9":0,"10":0,"11":0,"12":0,"13":0,"14":0},"b":{"0":[0],"1":[0,0],"2":[0,0],"3":[0,0],"4":[0,0],"5":[0,0],"6":[0,0],"7":[0,0],"8":[0,0],"9":[0,0],"10":[0,0],"11":[0,0],"12":[0,0],"13":[0,0],"14":[0,0],"15":[0,0],"16":[0],"17":[0,0],"18":[0,0],"19":[0,0]}}
}
